Unity Editor version:    2021.3.8f1 (b30333d56e81)
Branch:                  2021.3/staging
Build type:              Release
Batch mode:              YES
macOS version:           Version 13.0.1 (Build 22A400)
Darwin version:          22.1.0
Architecture:            x86_64
Running under Rosetta:   YES
Available memory:        8192 MB
Using pre-set license
Pro License: YES

COMMAND LINE ARGUMENTS:
/Applications/Unity/Unity.app/Contents/MacOS/Unity
-adb2
-batchMode
-noUpm
-name
AssetImportWorker0
-projectPath
/Users/theeramateseaba/GameJam2023/GameJam
-logFile
Logs/AssetImportWorker0.log
-srvPort
53406
Successfully changed project path to: /Users/theeramateseaba/GameJam2023/GameJam
/Users/theeramateseaba/GameJam2023/GameJam
[UnityMemory] Configuration Parameters - Can be set up in boot.config
    "memorysetup-bucket-allocator-granularity=16"
    "memorysetup-bucket-allocator-bucket-count=8"
    "memorysetup-bucket-allocator-block-size=33554432"
    "memorysetup-bucket-allocator-block-count=8"
    "memorysetup-main-allocator-block-size=16777216"
    "memorysetup-thread-allocator-block-size=16777216"
    "memorysetup-gfx-main-allocator-block-size=16777216"
    "memorysetup-gfx-thread-allocator-block-size=16777216"
    "memorysetup-cache-allocator-block-size=4194304"
    "memorysetup-typetree-allocator-block-size=2097152"
    "memorysetup-profiler-bucket-allocator-granularity=16"
    "memorysetup-profiler-bucket-allocator-bucket-count=8"
    "memorysetup-profiler-bucket-allocator-block-size=33554432"
    "memorysetup-profiler-bucket-allocator-block-count=8"
    "memorysetup-profiler-allocator-block-size=16777216"
    "memorysetup-profiler-editor-allocator-block-size=1048576"
    "memorysetup-temp-allocator-size-main=16777216"
    "memorysetup-job-temp-allocator-block-size=2097152"
    "memorysetup-job-temp-allocator-block-size-background=1048576"
    "memorysetup-job-temp-allocator-reduction-small-platforms=262144"
    "memorysetup-temp-allocator-size-background-worker=32768"
    "memorysetup-temp-allocator-size-job-worker=262144"
    "memorysetup-temp-allocator-size-preload-manager=33554432"
    "memorysetup-temp-allocator-size-nav-mesh-worker=65536"
    "memorysetup-temp-allocator-size-audio-worker=65536"
    "memorysetup-temp-allocator-size-cloud-worker=32768"
    "memorysetup-temp-allocator-size-gi-baking-worker=262144"
    "memorysetup-temp-allocator-size-gfx=262144"
Refreshing native plugins compatible for Editor in 343.69 ms, found 3 plugins.
Preloading 0 native plugins for Editor in 0.00 ms.
Initialize engine version: 2021.3.8f1 (b30333d56e81)
[Subsystems] Discovering subsystems at path /Applications/Unity/Unity.app/Contents/Resources/UnitySubsystems
[Subsystems] Discovering subsystems at path /Users/theeramateseaba/GameJam2023/GameJam/Assets
GfxDevice: creating device client; threaded=0; jobified=0
 preferred device: Apple M2 (high power)
Metal devices available: 1
0: Apple M2 (high power)
Using device Apple M2 (high power)
Initializing Metal device caps: Apple M2
Initialize mono
Mono path[0] = '/Applications/Unity/Unity.app/Contents/Managed'
Mono path[1] = '/Applications/Unity/Unity.app/Contents/MonoBleedingEdge/lib/mono/unityjit-macos'
Mono config path = '/Applications/Unity/Unity.app/Contents/MonoBleedingEdge/etc'
Using monoOptions --debugger-agent=transport=dt_socket,embedding=1,server=y,suspend=n,address=127.0.0.1:56400
Begin MonoManager ReloadAssembly
Registering precompiled unity dll's ...
Register platform support module: /Applications/Unity/Unity.app/Contents/PlaybackEngines/MacStandaloneSupport/UnityEditor.OSXStandalone.Extensions.dll
Registered in 0.001394 seconds.
Native extension for OSXStandalone target not found
Refreshing native plugins compatible for Editor in 117.12 ms, found 3 plugins.
Preloading 0 native plugins for Editor in 0.00 ms.
Mono: successfully reloaded assembly
- Completed reload, in  1.810 seconds
Domain Reload Profiling:
	ReloadAssembly (1811ms)
		BeginReloadAssembly (181ms)
			ExecutionOrderSort (0ms)
			DisableScriptedObjects (0ms)
			BackupInstance (0ms)
			ReleaseScriptingObjects (0ms)
			CreateAndSetChildDomain (4ms)
		EndReloadAssembly (1343ms)
			LoadAssemblies (177ms)
			RebuildTransferFunctionScriptingTraits (1ms)
			SetupTypeCache (102ms)
			ReleaseScriptCaches (0ms)
			RebuildScriptCaches (32ms)
			SetupLoadedEditorAssemblies (1000ms)
				LogAssemblyErrors (0ms)
				InitializePlatformSupportModulesInManaged (21ms)
				SetLoadedEditorAssemblies (0ms)
				RefreshPlugins (117ms)
				BeforeProcessingInitializeOnLoad (5ms)
				ProcessInitializeOnLoadAttributes (641ms)
				ProcessInitializeOnLoadMethodAttributes (215ms)
				AfterProcessingInitializeOnLoad (0ms)
				EditorAssembliesLoaded (1ms)
			ExecutionOrderSort2 (0ms)
			AwakeInstancesAfterBackupRestoration (0ms)
Platform modules already initialized, skipping
Registering precompiled user dll's ...
Registered in 0.002396 seconds.
Begin MonoManager ReloadAssembly
Symbol file LoadedFromMemory doesn't match image /Users/theeramateseaba/GameJam2023/GameJam/Library/PackageCache/com.unity.visualscripting@1.7.8/Editor/VisualScripting.Core/Dependencies/YamlDotNet/Unity.VisualScripting.YamlDotNet.dll
Symbol file LoadedFromMemory doesn't match image /Users/theeramateseaba/GameJam2023/GameJam/Library/PackageCache/com.unity.visualscripting@1.7.8/Editor/VisualScripting.Core/Dependencies/DotNetZip/Unity.VisualScripting.IonicZip.dll
Native extension for OSXStandalone target not found
Refreshing native plugins compatible for Editor in 292.49 ms, found 3 plugins.
Preloading 0 native plugins for Editor in 0.00 ms.
Mono: successfully reloaded assembly
- Completed reload, in  3.733 seconds
Domain Reload Profiling:
	ReloadAssembly (3736ms)
		BeginReloadAssembly (321ms)
			ExecutionOrderSort (0ms)
			DisableScriptedObjects (40ms)
			BackupInstance (0ms)
			ReleaseScriptingObjects (0ms)
			CreateAndSetChildDomain (58ms)
		EndReloadAssembly (3084ms)
			LoadAssemblies (203ms)
			RebuildTransferFunctionScriptingTraits (1ms)
			SetupTypeCache (285ms)
			ReleaseScriptCaches (6ms)
			RebuildScriptCaches (99ms)
			SetupLoadedEditorAssemblies (2227ms)
				LogAssemblyErrors (0ms)
				InitializePlatformSupportModulesInManaged (13ms)
				SetLoadedEditorAssemblies (0ms)
				RefreshPlugins (293ms)
				BeforeProcessingInitializeOnLoad (196ms)
				ProcessInitializeOnLoadAttributes (1322ms)
				ProcessInitializeOnLoadMethodAttributes (401ms)
				AfterProcessingInitializeOnLoad (1ms)
				EditorAssembliesLoaded (1ms)
			ExecutionOrderSort2 (0ms)
			AwakeInstancesAfterBackupRestoration (12ms)
Platform modules already initialized, skipping
========================================================================
Worker process is ready to serve import requests
Launching external process: /Applications/Unity/Unity.app/Contents/Tools/UnityShaderCompiler
Launched and connected shader compiler UnityShaderCompiler after 0.91 seconds
Refreshing native plugins compatible for Editor in 1.20 ms, found 3 plugins.
Preloading 0 native plugins for Editor in 0.00 ms.
Unloading 5596 Unused Serialized files (Serialized files now loaded: 0)
Unloading 50 unused Assets / (0.8 MB). Loaded Objects now: 6045.
Memory consumption went from 189.0 MB to 188.2 MB.
Total: 19.105500 ms (FindLiveObjects: 3.035458 ms CreateObjectMapping: 0.293042 ms MarkObjects: 12.815458 ms  DeleteObjects: 2.960375 ms)

AssetImportParameters requested are different than current active one (requested -> active):
  custom:video-decoder-ogg-theora: a1e56fd34408186e4bbccfd4996cb3dc -> 
  custom:container-muxer-webm: aa71ff27fc2769a1b78a27578f13a17b -> 
  custom:container-demuxer-webm: 4f35f7cbe854078d1ac9338744f61a02 -> 
  custom:video-encoder-webm-vp8: eb34c28f22e8b96e1ab97ce403110664 -> 
  custom:framework-osx-AVFoundation: e770b220cccbd017edd2c1fefb359320 -> 
  custom:audio-encoder-webm-vorbis: bf7c407c2cedff20999df2af8eb42d56 -> 
  custom:container-demuxer-ogg: 62fdf1f143b41e24485cea50d1cbac27 -> 
  custom:video-decoder-webm-vp8: 9c59270c3fd7afecdb556c50c9e8de78 -> 
  custom:audio-decoder-ogg-vorbis: bf7c407c2cedff20999df2af8eb42d56 -> 
========================================================================
Received Import Request.
  Time since last request: 502066.006200 seconds.
  path: Assets/Prefabs/Isopod.prefab
  artifactKey: Guid(6d858697f993f4c9594bf49ed7f44f1f) Importer(815301076,1909f56bfc062723c751e8b465ee728b)
Start importing Assets/Prefabs/Isopod.prefab using Guid(6d858697f993f4c9594bf49ed7f44f1f) Importer(815301076,1909f56bfc062723c751e8b465ee728b)  -> (artifact id: '8e863204eed4a8acf9de8eb57850d43d') in 1.632998 seconds 
========================================================================
Received Import Request.
  Time since last request: 0.333006 seconds.
  path: Assets/Scenes/GamePlayScene 1.unity
  artifactKey: Guid(2cda990e2423bbf4892e6590ba056729) Importer(815301076,1909f56bfc062723c751e8b465ee728b)
Start importing Assets/Scenes/GamePlayScene 1.unity using Guid(2cda990e2423bbf4892e6590ba056729) Importer(815301076,1909f56bfc062723c751e8b465ee728b)  -> (artifact id: 'fa6bb825d604c39906913db5993e2392') in 0.001665 seconds 
========================================================================
Received Import Request.
  Time since last request: 117.555273 seconds.
  path: Assets/Scripts/ControlPlayer.cs
  artifactKey: Guid(6495a5633b01d4a9c8f0d4d60a80c5e9) Importer(815301076,1909f56bfc062723c751e8b465ee728b)
Start importing Assets/Scripts/ControlPlayer.cs using Guid(6495a5633b01d4a9c8f0d4d60a80c5e9) Importer(815301076,1909f56bfc062723c751e8b465ee728b)  -> (artifact id: '150b2caf8658158f65af7836dc7233fa') in 0.202258 seconds 
========================================================================
Received Import Request.
  Time since last request: 0.074464 seconds.
  path: Assets/Scripts/Enemy.cs
  artifactKey: Guid(805bf9a78e87a47acbd771381e987883) Importer(815301076,1909f56bfc062723c751e8b465ee728b)
Start importing Assets/Scripts/Enemy.cs using Guid(805bf9a78e87a47acbd771381e987883) Importer(815301076,1909f56bfc062723c751e8b465ee728b)  -> (artifact id: 'ee9ede316e42760ba84374b76aa42aae') in 0.001712 seconds 
========================================================================
Received Import Request.
  Time since last request: 0.279708 seconds.
  path: Assets/Scripts/FloatingText.cs
  artifactKey: Guid(9528f72457bd645c08cfa190aa8652dd) Importer(815301076,1909f56bfc062723c751e8b465ee728b)
Start importing Assets/Scripts/FloatingText.cs using Guid(9528f72457bd645c08cfa190aa8652dd) Importer(815301076,1909f56bfc062723c751e8b465ee728b)  -> (artifact id: 'dc410508854bd02b040f2650abdb5788') in 0.001012 seconds 
========================================================================
Received Import Request.
  Time since last request: 1.194093 seconds.
  path: Assets/Scripts/LadderMovement.cs
  artifactKey: Guid(35368a87d463f432aba2d4ca58d4ad18) Importer(815301076,1909f56bfc062723c751e8b465ee728b)
Start importing Assets/Scripts/LadderMovement.cs using Guid(35368a87d463f432aba2d4ca58d4ad18) Importer(815301076,1909f56bfc062723c751e8b465ee728b)  -> (artifact id: 'a0b6730df20c6e6a93ae841fb1f166d6') in 0.001293 seconds 
========================================================================
Received Import Request.
  Time since last request: 10.704901 seconds.
  path: Assets/Scripts/Singleton.cs
  artifactKey: Guid(71a803e34ac114f1f84bf59c106c22ba) Importer(815301076,1909f56bfc062723c751e8b465ee728b)
Start importing Assets/Scripts/Singleton.cs using Guid(71a803e34ac114f1f84bf59c106c22ba) Importer(815301076,1909f56bfc062723c751e8b465ee728b)  -> (artifact id: '800e10da1cc6ec303848b746b2cb3a7e') in 0.004127 seconds 
========================================================================
Received Import Request.
  Time since last request: 0.326141 seconds.
  path: Assets/Scripts/SoundManager.cs
  artifactKey: Guid(07e1f5e48ae45409e824dd166a8eda10) Importer(815301076,1909f56bfc062723c751e8b465ee728b)
Start importing Assets/Scripts/SoundManager.cs using Guid(07e1f5e48ae45409e824dd166a8eda10) Importer(815301076,1909f56bfc062723c751e8b465ee728b)  -> (artifact id: '1d932f5490b141dd6ff8c02fcd57c34e') in 0.001222 seconds 
========================================================================
Received Import Request.
  Time since last request: 4.066613 seconds.
  path: Assets/Scripts/AIBehavior.cs
  artifactKey: Guid(0a3e7a95b4f56417f81b0c187e9896a8) Importer(815301076,1909f56bfc062723c751e8b465ee728b)
Start importing Assets/Scripts/AIBehavior.cs using Guid(0a3e7a95b4f56417f81b0c187e9896a8) Importer(815301076,1909f56bfc062723c751e8b465ee728b)  -> (artifact id: 'a8475ca49a3d39e2528d578de9f9fdd5') in 0.001729 seconds 
========================================================================
Received Import Request.
  Time since last request: 0.794937 seconds.
  path: Assets/Scripts/Shooting.cs
  artifactKey: Guid(e65236854e3ce4c07912aa6770ee2d57) Importer(815301076,1909f56bfc062723c751e8b465ee728b)
Start importing Assets/Scripts/Shooting.cs using Guid(e65236854e3ce4c07912aa6770ee2d57) Importer(815301076,1909f56bfc062723c751e8b465ee728b)  -> (artifact id: '5276690838397c4af567953465451d76') in 0.001081 seconds 
========================================================================
Received Import Request.
  Time since last request: 511.644291 seconds.
  path: Assets/image/MAP1.prefab
  artifactKey: Guid(0185988a390d7489eac78fb0b79267d6) Importer(815301076,1909f56bfc062723c751e8b465ee728b)
Start importing Assets/image/MAP1.prefab using Guid(0185988a390d7489eac78fb0b79267d6) Importer(815301076,1909f56bfc062723c751e8b465ee728b)  -> (artifact id: '2bde0f29d821ca6c671a81213fd0916b') in 0.107036 seconds 
========================================================================
Received Import Request.
  Time since last request: 11.669187 seconds.
  path: Assets/image/MAP1.prefab
  artifactKey: Guid(0185988a390d7489eac78fb0b79267d6) Importer(815301076,1909f56bfc062723c751e8b465ee728b)
Start importing Assets/image/MAP1.prefab using Guid(0185988a390d7489eac78fb0b79267d6) Importer(815301076,1909f56bfc062723c751e8b465ee728b)  -> (artifact id: 'c181fb8a359ea2609ca61675a7039039') in 0.104858 seconds 
========================================================================
Received Import Request.
  Time since last request: 81.188360 seconds.
  path: Assets/image/งานศิลปะที่ไม่มีชื่อ.png
  artifactKey: Guid(42ce6d5776c8a4d33bfb83b220dc17d1) Importer(815301076,1909f56bfc062723c751e8b465ee728b)
Start importing Assets/image/งานศิลปะที่ไม่มีชื่อ.png using Guid(42ce6d5776c8a4d33bfb83b220dc17d1) Importer(815301076,1909f56bfc062723c751e8b465ee728b)  -> (artifact id: 'a20b77bf02849436929acbc1a0f07790') in 0.258508 seconds 
========================================================================
Received Import Request.
  Time since last request: 12.945328 seconds.
  path: Assets/image/งานศิลปะที่ไม่มีชื่อ.png
  artifactKey: Guid(42ce6d5776c8a4d33bfb83b220dc17d1) Importer(815301076,1909f56bfc062723c751e8b465ee728b)
Start importing Assets/image/งานศิลปะที่ไม่มีชื่อ.png using Guid(42ce6d5776c8a4d33bfb83b220dc17d1) Importer(815301076,1909f56bfc062723c751e8b465ee728b)  -> (artifact id: '1a99825f0496f8310f011eda9b80b1f5') in 1.333221 seconds 
========================================================================
Received Import Request.
  Time since last request: 41.942040 seconds.
  path: Assets/image/MAP1.prefab
  artifactKey: Guid(0185988a390d7489eac78fb0b79267d6) Importer(815301076,1909f56bfc062723c751e8b465ee728b)
Start importing Assets/image/MAP1.prefab using Guid(0185988a390d7489eac78fb0b79267d6) Importer(815301076,1909f56bfc062723c751e8b465ee728b)  -> (artifact id: '0aac785d5c2963ca8549d28c8d29ca92') in 0.037343 seconds 
========================================================================
Received Import Request.
  Time since last request: 29.567393 seconds.
  path: Assets/image/MAP1.prefab
  artifactKey: Guid(0185988a390d7489eac78fb0b79267d6) Importer(815301076,1909f56bfc062723c751e8b465ee728b)
Start importing Assets/image/MAP1.prefab using Guid(0185988a390d7489eac78fb0b79267d6) Importer(815301076,1909f56bfc062723c751e8b465ee728b)  -> (artifact id: '793389439882d1c43fae3ebd4b851343') in 0.057209 seconds 
========================================================================
Received Import Request.
  Time since last request: 40.969995 seconds.
  path: Assets/image/MAP1.prefab
  artifactKey: Guid(0185988a390d7489eac78fb0b79267d6) Importer(815301076,1909f56bfc062723c751e8b465ee728b)
Start importing Assets/image/MAP1.prefab using Guid(0185988a390d7489eac78fb0b79267d6) Importer(815301076,1909f56bfc062723c751e8b465ee728b)  -> (artifact id: '9d3a477f0fc8d378d30beb92225d6d53') in 0.404657 seconds 
========================================================================
Received Import Request.
  Time since last request: 0.000328 seconds.
  path: Assets/image/งานศิลปะที่ไม่มีชื่อ_25.asset
  artifactKey: Guid(f1af1f5debcab46c7a7e2a4a996c4c63) Importer(815301076,1909f56bfc062723c751e8b465ee728b)
Start importing Assets/image/งานศิลปะที่ไม่มีชื่อ_25.asset using Guid(f1af1f5debcab46c7a7e2a4a996c4c63) Importer(815301076,1909f56bfc062723c751e8b465ee728b)  -> (artifact id: 'ccb123a4694523c603c1708bb9c6b0e2') in 0.293978 seconds 
========================================================================
Received Import Request.
  Time since last request: 0.000274 seconds.
  path: Assets/image/งานศิลปะที่ไม่มีชื่อ_22.asset
  artifactKey: Guid(54f81ba607a5649c0af2bba6d6f32907) Importer(815301076,1909f56bfc062723c751e8b465ee728b)
Start importing Assets/image/งานศิลปะที่ไม่มีชื่อ_22.asset using Guid(54f81ba607a5649c0af2bba6d6f32907) Importer(815301076,1909f56bfc062723c751e8b465ee728b)  -> (artifact id: '1125c4a844fbe4fed90d1f011b7cfaa5') in 0.013964 seconds 
========================================================================
Received Import Request.
  Time since last request: 0.000057 seconds.
  path: Assets/image/งานศิลปะที่ไม่มีชื่อ_18.asset
  artifactKey: Guid(4332bd2a54dc44114a2017e224b91464) Importer(815301076,1909f56bfc062723c751e8b465ee728b)
Start importing Assets/image/งานศิลปะที่ไม่มีชื่อ_18.asset using Guid(4332bd2a54dc44114a2017e224b91464) Importer(815301076,1909f56bfc062723c751e8b465ee728b)  -> (artifact id: '1632f2e5ba915df43bfe9f66cdfc81fc') in 0.007489 seconds 
========================================================================
Received Import Request.
  Time since last request: 71.192797 seconds.
  path: Assets/image/งานศิลปะที่ไม่มีชื่อ.png
  artifactKey: Guid(42ce6d5776c8a4d33bfb83b220dc17d1) Importer(815301076,1909f56bfc062723c751e8b465ee728b)
Start importing Assets/image/งานศิลปะที่ไม่มีชื่อ.png using Guid(42ce6d5776c8a4d33bfb83b220dc17d1) Importer(815301076,1909f56bfc062723c751e8b465ee728b)  -> (artifact id: 'a058f5ba363da74183ad5294cade0c63') in 0.217432 seconds 
========================================================================
Received Import Request.
  Time since last request: 0.000157 seconds.
  path: Assets/image/งานศิลปะที่ไม่มีชื่อ_12.asset
  artifactKey: Guid(b1aae73afd7f24791ac2e93bd44192b0) Importer(815301076,1909f56bfc062723c751e8b465ee728b)
Start importing Assets/image/งานศิลปะที่ไม่มีชื่อ_12.asset using Guid(b1aae73afd7f24791ac2e93bd44192b0) Importer(815301076,1909f56bfc062723c751e8b465ee728b)  -> (artifact id: '7a07ab6dff6dbcd70517cff5856715b3') in 0.007742 seconds 
========================================================================
Received Import Request.
  Time since last request: 0.000091 seconds.
  path: Assets/image/งานศิลปะที่ไม่มีชื่อ_10.asset
  artifactKey: Guid(13f74e741fc0749e18c418edd6ab69f8) Importer(815301076,1909f56bfc062723c751e8b465ee728b)
Start importing Assets/image/งานศิลปะที่ไม่มีชื่อ_10.asset using Guid(13f74e741fc0749e18c418edd6ab69f8) Importer(815301076,1909f56bfc062723c751e8b465ee728b)  -> (artifact id: '3fb27040fa87403f8a313963f6b917ae') in 0.003744 seconds 
========================================================================
Received Import Request.
  Time since last request: 0.000148 seconds.
  path: Assets/image/งานศิลปะที่ไม่มีชื่อ_19.asset
  artifactKey: Guid(ddd031e96266b404fb1f0154cea2422c) Importer(815301076,1909f56bfc062723c751e8b465ee728b)
Start importing Assets/image/งานศิลปะที่ไม่มีชื่อ_19.asset using Guid(ddd031e96266b404fb1f0154cea2422c) Importer(815301076,1909f56bfc062723c751e8b465ee728b)  -> (artifact id: 'e1fb4ee7604823cf6ef8af57c5e18c34') in 0.004465 seconds 
========================================================================
Received Import Request.
  Time since last request: 0.000094 seconds.
  path: Assets/image/งานศิลปะที่ไม่มีชื่อ_6.asset
  artifactKey: Guid(9244a77a4678c49cd9cf03a77d2e51f8) Importer(815301076,1909f56bfc062723c751e8b465ee728b)
Start importing Assets/image/งานศิลปะที่ไม่มีชื่อ_6.asset using Guid(9244a77a4678c49cd9cf03a77d2e51f8) Importer(815301076,1909f56bfc062723c751e8b465ee728b)  -> (artifact id: '6163b45d33b1594c41578899d11385dc') in 0.006146 seconds 
========================================================================
Received Import Request.
  Time since last request: 0.000052 seconds.
  path: Assets/image/งานศิลปะที่ไม่มีชื่อ_27.asset
  artifactKey: Guid(04e98a4a133b84760879e929963af272) Importer(815301076,1909f56bfc062723c751e8b465ee728b)
Start importing Assets/image/งานศิลปะที่ไม่มีชื่อ_27.asset using Guid(04e98a4a133b84760879e929963af272) Importer(815301076,1909f56bfc062723c751e8b465ee728b)  -> (artifact id: '10208fb1b18077082396e4f0bb14ec4f') in 0.003547 seconds 
========================================================================
Received Import Request.
  Time since last request: 0.000073 seconds.
  path: Assets/image/งานศิลปะที่ไม่มีชื่อ_25.asset
  artifactKey: Guid(f1af1f5debcab46c7a7e2a4a996c4c63) Importer(815301076,1909f56bfc062723c751e8b465ee728b)
Start importing Assets/image/งานศิลปะที่ไม่มีชื่อ_25.asset using Guid(f1af1f5debcab46c7a7e2a4a996c4c63) Importer(815301076,1909f56bfc062723c751e8b465ee728b)  -> (artifact id: '6c7a7be1274d3b24b7f7a24ae9b0f427') in 0.003945 seconds 
========================================================================
Received Import Request.
  Time since last request: 0.000057 seconds.
  path: Assets/image/งานศิลปะที่ไม่มีชื่อ_29.asset
  artifactKey: Guid(58391597453bd447f9d318d86a49aff0) Importer(815301076,1909f56bfc062723c751e8b465ee728b)
Start importing Assets/image/งานศิลปะที่ไม่มีชื่อ_29.asset using Guid(58391597453bd447f9d318d86a49aff0) Importer(815301076,1909f56bfc062723c751e8b465ee728b)  -> (artifact id: '68bbf908017b8b59c054d5c4d56c5ff1') in 0.003830 seconds 
========================================================================
Received Import Request.
  Time since last request: 0.000054 seconds.
  path: Assets/image/งานศิลปะที่ไม่มีชื่อ_16.asset
  artifactKey: Guid(54d02d34c0e9a46ee9639961ec81534c) Importer(815301076,1909f56bfc062723c751e8b465ee728b)
Start importing Assets/image/งานศิลปะที่ไม่มีชื่อ_16.asset using Guid(54d02d34c0e9a46ee9639961ec81534c) Importer(815301076,1909f56bfc062723c751e8b465ee728b)  -> (artifact id: '2636bf70ead6322a7726b8b6b0edf749') in 0.003431 seconds 
========================================================================
Received Import Request.
  Time since last request: 0.000056 seconds.
  path: Assets/image/งานศิลปะที่ไม่มีชื่อ_31.asset
  artifactKey: Guid(09c0acf9efcb448e288bd05bec560d21) Importer(815301076,1909f56bfc062723c751e8b465ee728b)
Start importing Assets/image/งานศิลปะที่ไม่มีชื่อ_31.asset using Guid(09c0acf9efcb448e288bd05bec560d21) Importer(815301076,1909f56bfc062723c751e8b465ee728b)  -> (artifact id: '32021d088aa47d4958d6805983649d19') in 0.006614 seconds 
========================================================================
Received Import Request.
  Time since last request: 0.000155 seconds.
  path: Assets/image/งานศิลปะที่ไม่มีชื่อ_30.asset
  artifactKey: Guid(1b3f39493a23b4a7aaba085e95990c63) Importer(815301076,1909f56bfc062723c751e8b465ee728b)
Start importing Assets/image/งานศิลปะที่ไม่มีชื่อ_30.asset using Guid(1b3f39493a23b4a7aaba085e95990c63) Importer(815301076,1909f56bfc062723c751e8b465ee728b)  -> (artifact id: 'abe87c7ab5ab29da0937733a99ae30ea') in 0.004283 seconds 
========================================================================
Received Import Request.
  Time since last request: 0.000078 seconds.
  path: Assets/image/งานศิลปะที่ไม่มีชื่อ_28.asset
  artifactKey: Guid(656c440b5c3bf4a5a95a6f1620d85ac5) Importer(815301076,1909f56bfc062723c751e8b465ee728b)
Start importing Assets/image/งานศิลปะที่ไม่มีชื่อ_28.asset using Guid(656c440b5c3bf4a5a95a6f1620d85ac5) Importer(815301076,1909f56bfc062723c751e8b465ee728b)  -> (artifact id: '1cee2ba38daad345360a3ce33bcce217') in 0.003691 seconds 
========================================================================
Received Import Request.
  Time since last request: 0.000045 seconds.
  path: Assets/image/งานศิลปะที่ไม่มีชื่อ_21.asset
  artifactKey: Guid(c545aa9b05629434b855b4673a25ddd0) Importer(815301076,1909f56bfc062723c751e8b465ee728b)
Start importing Assets/image/งานศิลปะที่ไม่มีชื่อ_21.asset using Guid(c545aa9b05629434b855b4673a25ddd0) Importer(815301076,1909f56bfc062723c751e8b465ee728b)  -> (artifact id: 'b3eacaf4e2052a2a144f1685571408fd') in 0.003482 seconds 
========================================================================
Received Import Request.
  Time since last request: 0.000048 seconds.
  path: Assets/image/งานศิลปะที่ไม่มีชื่อ_15.asset
  artifactKey: Guid(1675f3a73e7354b66a70e2a2a9050a75) Importer(815301076,1909f56bfc062723c751e8b465ee728b)
Start importing Assets/image/งานศิลปะที่ไม่มีชื่อ_15.asset using Guid(1675f3a73e7354b66a70e2a2a9050a75) Importer(815301076,1909f56bfc062723c751e8b465ee728b)  -> (artifact id: '1020078e3ea1eae6a3ec573e3c90ee60') in 0.005002 seconds 
========================================================================
Received Import Request.
  Time since last request: 0.000072 seconds.
  path: Assets/image/งานศิลปะที่ไม่มีชื่อ_3.asset
  artifactKey: Guid(e3ea9d65769e1432db86e9360ec62642) Importer(815301076,1909f56bfc062723c751e8b465ee728b)
Start importing Assets/image/งานศิลปะที่ไม่มีชื่อ_3.asset using Guid(e3ea9d65769e1432db86e9360ec62642) Importer(815301076,1909f56bfc062723c751e8b465ee728b)  -> (artifact id: 'b87c9a374c990ef7ae3df02f52fef613') in 0.005401 seconds 
========================================================================
Received Import Request.
  Time since last request: 0.000088 seconds.
  path: Assets/image/งานศิลปะที่ไม่มีชื่อ_22.asset
  artifactKey: Guid(54f81ba607a5649c0af2bba6d6f32907) Importer(815301076,1909f56bfc062723c751e8b465ee728b)
Start importing Assets/image/งานศิลปะที่ไม่มีชื่อ_22.asset using Guid(54f81ba607a5649c0af2bba6d6f32907) Importer(815301076,1909f56bfc062723c751e8b465ee728b)  -> (artifact id: 'ce326339b45d3634f2579886a3be1939') in 0.007561 seconds 
========================================================================
Received Import Request.
  Time since last request: 0.000056 seconds.
  path: Assets/image/งานศิลปะที่ไม่มีชื่อ_18.asset
  artifactKey: Guid(4332bd2a54dc44114a2017e224b91464) Importer(815301076,1909f56bfc062723c751e8b465ee728b)
Start importing Assets/image/งานศิลปะที่ไม่มีชื่อ_18.asset using Guid(4332bd2a54dc44114a2017e224b91464) Importer(815301076,1909f56bfc062723c751e8b465ee728b)  -> (artifact id: 'd5b242a9b6874e4869ab97e0c1a7cae1') in 0.004322 seconds 
========================================================================
Received Import Request.
  Time since last request: 3.601945 seconds.
  path: Assets/image/งานศิลปะที่ไม่มีชื่อ_32.asset
  artifactKey: Guid(1c9bad830f1d24fc28c56deefc7f5be5) Importer(815301076,1909f56bfc062723c751e8b465ee728b)
Start importing Assets/image/งานศิลปะที่ไม่มีชื่อ_32.asset using Guid(1c9bad830f1d24fc28c56deefc7f5be5) Importer(815301076,1909f56bfc062723c751e8b465ee728b)  -> (artifact id: '9aa738cd290b5c3d8b2809050ac83d50') in 0.006980 seconds 
========================================================================
Received Import Request.
  Time since last request: 0.000117 seconds.
  path: Assets/image/งานศิลปะที่ไม่มีชื่อ_40.asset
  artifactKey: Guid(7943dea19ca7342b9b7168d06a6aba09) Importer(815301076,1909f56bfc062723c751e8b465ee728b)
Start importing Assets/image/งานศิลปะที่ไม่มีชื่อ_40.asset using Guid(7943dea19ca7342b9b7168d06a6aba09) Importer(815301076,1909f56bfc062723c751e8b465ee728b)  -> (artifact id: '0f9dbfc6b7cfa6d968b7cbfbae869bf9') in 0.003759 seconds 
========================================================================
Received Import Request.
  Time since last request: 0.000071 seconds.
  path: Assets/image/งานศิลปะที่ไม่มีชื่อ_38.asset
  artifactKey: Guid(8793c387b0e974ec09a4e26ec8c27829) Importer(815301076,1909f56bfc062723c751e8b465ee728b)
Start importing Assets/image/งานศิลปะที่ไม่มีชื่อ_38.asset using Guid(8793c387b0e974ec09a4e26ec8c27829) Importer(815301076,1909f56bfc062723c751e8b465ee728b)  -> (artifact id: 'fedcf43324c016a70c02998fb17311ff') in 0.003471 seconds 
========================================================================
Received Import Request.
  Time since last request: 0.000047 seconds.
  path: Assets/image/งานศิลปะที่ไม่มีชื่อ_39.asset
  artifactKey: Guid(7bf8285c4be0c425596d3d9f2b8b45f4) Importer(815301076,1909f56bfc062723c751e8b465ee728b)
Start importing Assets/image/งานศิลปะที่ไม่มีชื่อ_39.asset using Guid(7bf8285c4be0c425596d3d9f2b8b45f4) Importer(815301076,1909f56bfc062723c751e8b465ee728b)  -> (artifact id: 'ae7c3177581c22cf2c2abb8586c7db1e') in 0.003648 seconds 
========================================================================
Received Import Request.
  Time since last request: 0.000048 seconds.
  path: Assets/image/งานศิลปะที่ไม่มีชื่อ_36.asset
  artifactKey: Guid(721b7fa57557042c78867f3d5f27df89) Importer(815301076,1909f56bfc062723c751e8b465ee728b)
Start importing Assets/image/งานศิลปะที่ไม่มีชื่อ_36.asset using Guid(721b7fa57557042c78867f3d5f27df89) Importer(815301076,1909f56bfc062723c751e8b465ee728b)  -> (artifact id: '46de730f3b8149139dc220c6367b84db') in 0.003630 seconds 
========================================================================
Received Import Request.
  Time since last request: 0.384426 seconds.
  path: Assets/image/งานศิลปะที่ไม่มีชื่อ_42.asset
  artifactKey: Guid(26f3018fa3a4047c3a355ba688857dc4) Importer(815301076,1909f56bfc062723c751e8b465ee728b)
Start importing Assets/image/งานศิลปะที่ไม่มีชื่อ_42.asset using Guid(26f3018fa3a4047c3a355ba688857dc4) Importer(815301076,1909f56bfc062723c751e8b465ee728b)  -> (artifact id: '5df89df4e1600bdc6d4acc04fa4ef4f0') in 0.004790 seconds 
========================================================================
Received Import Request.
  Time since last request: 0.000060 seconds.
  path: Assets/image/งานศิลปะที่ไม่มีชื่อ_48.asset
  artifactKey: Guid(89d51c116ce434c248a6205a45f8ac79) Importer(815301076,1909f56bfc062723c751e8b465ee728b)
Start importing Assets/image/งานศิลปะที่ไม่มีชื่อ_48.asset using Guid(89d51c116ce434c248a6205a45f8ac79) Importer(815301076,1909f56bfc062723c751e8b465ee728b)  -> (artifact id: '4258f54775481feb66bbac4ca26bb1f8') in 0.004005 seconds 
========================================================================
Received Import Request.
  Time since last request: 0.000047 seconds.
  path: Assets/image/งานศิลปะที่ไม่มีชื่อ_55.asset
  artifactKey: Guid(2287683ed05374cf29f30cea473d5230) Importer(815301076,1909f56bfc062723c751e8b465ee728b)
Start importing Assets/image/งานศิลปะที่ไม่มีชื่อ_55.asset using Guid(2287683ed05374cf29f30cea473d5230) Importer(815301076,1909f56bfc062723c751e8b465ee728b)  -> (artifact id: 'f72267b66f5a62127d161bb3dec0a3df') in 0.004284 seconds 
========================================================================
Received Import Request.
  Time since last request: 0.000071 seconds.
  path: Assets/image/งานศิลปะที่ไม่มีชื่อ_61.asset
  artifactKey: Guid(95b26509677ba4e1b8db52a975b88018) Importer(815301076,1909f56bfc062723c751e8b465ee728b)
Start importing Assets/image/งานศิลปะที่ไม่มีชื่อ_61.asset using Guid(95b26509677ba4e1b8db52a975b88018) Importer(815301076,1909f56bfc062723c751e8b465ee728b)  -> (artifact id: '34d9eefa80f4ccf8b679b9b45bca0f86') in 0.004002 seconds 
========================================================================
Received Import Request.
  Time since last request: 0.000041 seconds.
  path: Assets/image/งานศิลปะที่ไม่มีชื่อ_56.asset
  artifactKey: Guid(e2e137d5188b5415f9bc68a280f0def0) Importer(815301076,1909f56bfc062723c751e8b465ee728b)
Start importing Assets/image/งานศิลปะที่ไม่มีชื่อ_56.asset using Guid(e2e137d5188b5415f9bc68a280f0def0) Importer(815301076,1909f56bfc062723c751e8b465ee728b)  -> (artifact id: '0e518c846f7ad2388545a69338abde5d') in 0.004446 seconds 
========================================================================
Received Import Request.
  Time since last request: 0.000068 seconds.
  path: Assets/image/งานศิลปะที่ไม่มีชื่อ_51.asset
  artifactKey: Guid(39572e0825b9b442b827002e2e82f6ff) Importer(815301076,1909f56bfc062723c751e8b465ee728b)
Start importing Assets/image/งานศิลปะที่ไม่มีชื่อ_51.asset using Guid(39572e0825b9b442b827002e2e82f6ff) Importer(815301076,1909f56bfc062723c751e8b465ee728b)  -> (artifact id: '52c8eafb6a66a0ffb7952e699c674b5d') in 0.003791 seconds 
========================================================================
Received Import Request.
  Time since last request: 0.000050 seconds.
  path: Assets/image/งานศิลปะที่ไม่มีชื่อ_45.asset
  artifactKey: Guid(a8241adc301364226bcf6baf7c61d21e) Importer(815301076,1909f56bfc062723c751e8b465ee728b)
Start importing Assets/image/งานศิลปะที่ไม่มีชื่อ_45.asset using Guid(a8241adc301364226bcf6baf7c61d21e) Importer(815301076,1909f56bfc062723c751e8b465ee728b)  -> (artifact id: '8f86b9f9b8cd696ec2bc3c7e00e860a9') in 0.004090 seconds 
========================================================================
Received Import Request.
  Time since last request: 0.000045 seconds.
  path: Assets/image/งานศิลปะที่ไม่มีชื่อ_47.asset
  artifactKey: Guid(7cb0ee02ca4c64648a85b862813cac78) Importer(815301076,1909f56bfc062723c751e8b465ee728b)
Start importing Assets/image/งานศิลปะที่ไม่มีชื่อ_47.asset using Guid(7cb0ee02ca4c64648a85b862813cac78) Importer(815301076,1909f56bfc062723c751e8b465ee728b)  -> (artifact id: '4df2b1fc8cec5989b1bd7f95ffb6a07e') in 0.003872 seconds 
========================================================================
Received Import Request.
  Time since last request: 0.000042 seconds.
  path: Assets/image/งานศิลปะที่ไม่มีชื่อ_59.asset
  artifactKey: Guid(ab0b167cdfcf640378d6675bf5cf9907) Importer(815301076,1909f56bfc062723c751e8b465ee728b)
Start importing Assets/image/งานศิลปะที่ไม่มีชื่อ_59.asset using Guid(ab0b167cdfcf640378d6675bf5cf9907) Importer(815301076,1909f56bfc062723c751e8b465ee728b)  -> (artifact id: '390c330989f8edc741cd7547fb095fc5') in 0.003896 seconds 
========================================================================
Received Import Request.
  Time since last request: 0.000044 seconds.
  path: Assets/image/งานศิลปะที่ไม่มีชื่อ_54.asset
  artifactKey: Guid(4005a24b135dd4cbcad145b4b98d503f) Importer(815301076,1909f56bfc062723c751e8b465ee728b)
Start importing Assets/image/งานศิลปะที่ไม่มีชื่อ_54.asset using Guid(4005a24b135dd4cbcad145b4b98d503f) Importer(815301076,1909f56bfc062723c751e8b465ee728b)  -> (artifact id: 'de1524d0e40475cf4485b82d242a4330') in 0.003879 seconds 
========================================================================
Received Import Request.
  Time since last request: 0.183460 seconds.
  path: Assets/image/งานศิลปะที่ไม่มีชื่อ_62.asset
  artifactKey: Guid(e650229509bb6412dbb73e912805573d) Importer(815301076,1909f56bfc062723c751e8b465ee728b)
Start importing Assets/image/งานศิลปะที่ไม่มีชื่อ_62.asset using Guid(e650229509bb6412dbb73e912805573d) Importer(815301076,1909f56bfc062723c751e8b465ee728b)  -> (artifact id: 'f26046afc0b4c18c04cd8907647f3810') in 0.005037 seconds 
========================================================================
Received Import Request.
  Time since last request: 0.001412 seconds.
  path: Assets/image/งานศิลปะที่ไม่มีชื่อ_74.asset
  artifactKey: Guid(1c8276b245fe74711bae2ef1d4a252c9) Importer(815301076,1909f56bfc062723c751e8b465ee728b)
Start importing Assets/image/งานศิลปะที่ไม่มีชื่อ_74.asset using Guid(1c8276b245fe74711bae2ef1d4a252c9) Importer(815301076,1909f56bfc062723c751e8b465ee728b)  -> (artifact id: '4904fa9e7c5bc7b26056c9bdd566b856') in 0.003431 seconds 
========================================================================
Received Import Request.
  Time since last request: 0.000041 seconds.
  path: Assets/image/งานศิลปะที่ไม่มีชื่อ_77.asset
  artifactKey: Guid(4825103b2761f4946aa25b48702de7e0) Importer(815301076,1909f56bfc062723c751e8b465ee728b)
Start importing Assets/image/งานศิลปะที่ไม่มีชื่อ_77.asset using Guid(4825103b2761f4946aa25b48702de7e0) Importer(815301076,1909f56bfc062723c751e8b465ee728b)  -> (artifact id: 'd95d352a21b1045a21f1e79266911593') in 0.003218 seconds 
========================================================================
Received Import Request.
  Time since last request: 0.000051 seconds.
  path: Assets/image/งานศิลปะที่ไม่มีชื่อ_79.asset
  artifactKey: Guid(dac80a2e476b9455c8270ff165cca0c2) Importer(815301076,1909f56bfc062723c751e8b465ee728b)
Start importing Assets/image/งานศิลปะที่ไม่มีชื่อ_79.asset using Guid(dac80a2e476b9455c8270ff165cca0c2) Importer(815301076,1909f56bfc062723c751e8b465ee728b)  -> (artifact id: '2fc837e31e60535a3362af2277d9ada4') in 0.003711 seconds 
========================================================================
Received Import Request.
  Time since last request: 0.000060 seconds.
  path: Assets/image/งานศิลปะที่ไม่มีชื่อ_66.asset
  artifactKey: Guid(0b61a015dff9d45fa90be7ecc9076211) Importer(815301076,1909f56bfc062723c751e8b465ee728b)
Start importing Assets/image/งานศิลปะที่ไม่มีชื่อ_66.asset using Guid(0b61a015dff9d45fa90be7ecc9076211) Importer(815301076,1909f56bfc062723c751e8b465ee728b)  -> (artifact id: 'fb063e61912ea0f2443e617fc821ba51') in 0.003793 seconds 
========================================================================
Received Import Request.
  Time since last request: 0.000049 seconds.
  path: Assets/image/งานศิลปะที่ไม่มีชื่อ_73.asset
  artifactKey: Guid(df5cd7b16c5f945579415773975dc3d6) Importer(815301076,1909f56bfc062723c751e8b465ee728b)
Start importing Assets/image/งานศิลปะที่ไม่มีชื่อ_73.asset using Guid(df5cd7b16c5f945579415773975dc3d6) Importer(815301076,1909f56bfc062723c751e8b465ee728b)  -> (artifact id: 'c60ba8da4f3ce0cceef0f19933e37106') in 0.004093 seconds 
========================================================================
Received Import Request.
  Time since last request: 0.000050 seconds.
  path: Assets/image/งานศิลปะที่ไม่มีชื่อ_70.asset
  artifactKey: Guid(2f1043073b0b24d959afa2cc0cac6537) Importer(815301076,1909f56bfc062723c751e8b465ee728b)
Start importing Assets/image/งานศิลปะที่ไม่มีชื่อ_70.asset using Guid(2f1043073b0b24d959afa2cc0cac6537) Importer(815301076,1909f56bfc062723c751e8b465ee728b)  -> (artifact id: 'cddc24c4e0afd839a38fd2b6db28d264') in 0.003787 seconds 
========================================================================
Received Import Request.
  Time since last request: 0.000058 seconds.
  path: Assets/image/งานศิลปะที่ไม่มีชื่อ_80.asset
  artifactKey: Guid(d1d2faabc2ac1419e981876e4d3f0130) Importer(815301076,1909f56bfc062723c751e8b465ee728b)
Start importing Assets/image/งานศิลปะที่ไม่มีชื่อ_80.asset using Guid(d1d2faabc2ac1419e981876e4d3f0130) Importer(815301076,1909f56bfc062723c751e8b465ee728b)  -> (artifact id: 'b23fab1a6cba18cc173007bb9d406e14') in 0.003845 seconds 
========================================================================
Received Import Request.
  Time since last request: 0.000063 seconds.
  path: Assets/image/งานศิลปะที่ไม่มีชื่อ_65.asset
  artifactKey: Guid(e4fa519e27dff4a4c8e78564fa82139e) Importer(815301076,1909f56bfc062723c751e8b465ee728b)
Start importing Assets/image/งานศิลปะที่ไม่มีชื่อ_65.asset using Guid(e4fa519e27dff4a4c8e78564fa82139e) Importer(815301076,1909f56bfc062723c751e8b465ee728b)  -> (artifact id: 'e486f20033ef8972a6e3b8aae935143b') in 0.004424 seconds 
========================================================================
Received Import Request.
  Time since last request: 0.000049 seconds.
  path: Assets/image/งานศิลปะที่ไม่มีชื่อ_67.asset
  artifactKey: Guid(7f51b2e4e53d545039bbbde1f5d6bb2c) Importer(815301076,1909f56bfc062723c751e8b465ee728b)
Start importing Assets/image/งานศิลปะที่ไม่มีชื่อ_67.asset using Guid(7f51b2e4e53d545039bbbde1f5d6bb2c) Importer(815301076,1909f56bfc062723c751e8b465ee728b)  -> (artifact id: '5da67af246a7078a674ebc3181184612') in 0.003837 seconds 
========================================================================
Received Import Request.
  Time since last request: 1.481812 seconds.
  path: Assets/image/งานศิลปะที่ไม่มีชื่อ_82.asset
  artifactKey: Guid(cb16cf4eee8334bfe85423ed84047298) Importer(815301076,1909f56bfc062723c751e8b465ee728b)
Start importing Assets/image/งานศิลปะที่ไม่มีชื่อ_82.asset using Guid(cb16cf4eee8334bfe85423ed84047298) Importer(815301076,1909f56bfc062723c751e8b465ee728b)  -> (artifact id: '376c9be72eb8d8053e249070087cabef') in 0.008126 seconds 
========================================================================
Received Import Request.
  Time since last request: 0.000046 seconds.
  path: Assets/image/งานศิลปะที่ไม่มีชื่อ_87.asset
  artifactKey: Guid(2ed6289d6c7ce42c598c1e4406b19ba2) Importer(815301076,1909f56bfc062723c751e8b465ee728b)
Start importing Assets/image/งานศิลปะที่ไม่มีชื่อ_87.asset using Guid(2ed6289d6c7ce42c598c1e4406b19ba2) Importer(815301076,1909f56bfc062723c751e8b465ee728b)  -> (artifact id: '58af23765dd69ab0cee553eab89f0995') in 0.004134 seconds 
========================================================================
Received Import Request.
  Time since last request: 0.000046 seconds.
  path: Assets/image/งานศิลปะที่ไม่มีชื่อ_85.asset
  artifactKey: Guid(bd53753fcb21147b29308ab638e91a34) Importer(815301076,1909f56bfc062723c751e8b465ee728b)
Start importing Assets/image/งานศิลปะที่ไม่มีชื่อ_85.asset using Guid(bd53753fcb21147b29308ab638e91a34) Importer(815301076,1909f56bfc062723c751e8b465ee728b)  -> (artifact id: '9db9d41fcae79137d9ce19f6175852b3') in 0.004312 seconds 
========================================================================
Received Import Request.
  Time since last request: 0.000052 seconds.
  path: Assets/image/งานศิลปะที่ไม่มีชื่อ_84.asset
  artifactKey: Guid(d3da202c34fae47e7aae99d3f18c2292) Importer(815301076,1909f56bfc062723c751e8b465ee728b)
Start importing Assets/image/งานศิลปะที่ไม่มีชื่อ_84.asset using Guid(d3da202c34fae47e7aae99d3f18c2292) Importer(815301076,1909f56bfc062723c751e8b465ee728b)  -> (artifact id: '97cfa139fdf5b172adf8013d0ff561ba') in 0.004044 seconds 
========================================================================
Received Import Request.
  Time since last request: 0.000045 seconds.
  path: Assets/image/งานศิลปะที่ไม่มีชื่อ_89.asset
  artifactKey: Guid(632b76aba5dd24f11bcae2da2735ee55) Importer(815301076,1909f56bfc062723c751e8b465ee728b)
Start importing Assets/image/งานศิลปะที่ไม่มีชื่อ_89.asset using Guid(632b76aba5dd24f11bcae2da2735ee55) Importer(815301076,1909f56bfc062723c751e8b465ee728b)  -> (artifact id: 'a8e1df2ea3cd7e5e082b34647ea83c01') in 0.003972 seconds 
========================================================================
Received Import Request.
  Time since last request: 0.019439 seconds.
  path: Assets/image/งานศิลปะที่ไม่มีชื่อ_92.asset
  artifactKey: Guid(9a86cb849159d4c33b5433706ee40079) Importer(815301076,1909f56bfc062723c751e8b465ee728b)
Start importing Assets/image/งานศิลปะที่ไม่มีชื่อ_92.asset using Guid(9a86cb849159d4c33b5433706ee40079) Importer(815301076,1909f56bfc062723c751e8b465ee728b)  -> (artifact id: 'd402974e8608f2edfb9be5d9f1454a3e') in 0.004389 seconds 
========================================================================
Received Import Request.
  Time since last request: 0.000054 seconds.
  path: Assets/image/งานศิลปะที่ไม่มีชื่อ_102.asset
  artifactKey: Guid(4934eb059060b410a8b6f0f89cc4db00) Importer(815301076,1909f56bfc062723c751e8b465ee728b)
Start importing Assets/image/งานศิลปะที่ไม่มีชื่อ_102.asset using Guid(4934eb059060b410a8b6f0f89cc4db00) Importer(815301076,1909f56bfc062723c751e8b465ee728b)  -> (artifact id: '62c01ff13952c7c7c1a0cb9f2add01ba') in 0.004302 seconds 
========================================================================
Received Import Request.
  Time since last request: 0.000054 seconds.
  path: Assets/image/งานศิลปะที่ไม่มีชื่อ_94.asset
  artifactKey: Guid(a482c0a6068db454390ec90c0a000a75) Importer(815301076,1909f56bfc062723c751e8b465ee728b)
Start importing Assets/image/งานศิลปะที่ไม่มีชื่อ_94.asset using Guid(a482c0a6068db454390ec90c0a000a75) Importer(815301076,1909f56bfc062723c751e8b465ee728b)  -> (artifact id: 'c2bf636779a18999be6bcfa97e35d7f2') in 0.003903 seconds 
========================================================================
Received Import Request.
  Time since last request: 0.000044 seconds.
  path: Assets/image/งานศิลปะที่ไม่มีชื่อ_117.asset
  artifactKey: Guid(e9d437c1bb59a42e3a5c8f89b162a5dc) Importer(815301076,1909f56bfc062723c751e8b465ee728b)
Start importing Assets/image/งานศิลปะที่ไม่มีชื่อ_117.asset using Guid(e9d437c1bb59a42e3a5c8f89b162a5dc) Importer(815301076,1909f56bfc062723c751e8b465ee728b)  -> (artifact id: 'f2238ef9a2b93862662da4c1417aff2f') in 0.004150 seconds 
========================================================================
Received Import Request.
  Time since last request: 0.000043 seconds.
  path: Assets/image/งานศิลปะที่ไม่มีชื่อ_184.asset
  artifactKey: Guid(71d65d12eabf14efc93f4e9d140f1432) Importer(815301076,1909f56bfc062723c751e8b465ee728b)
Start importing Assets/image/งานศิลปะที่ไม่มีชื่อ_184.asset using Guid(71d65d12eabf14efc93f4e9d140f1432) Importer(815301076,1909f56bfc062723c751e8b465ee728b)  -> (artifact id: '374f2ce6f62dc08db58fc6e7b5f7a6ba') in 0.004161 seconds 
========================================================================
Received Import Request.
  Time since last request: 0.000052 seconds.
  path: Assets/image/งานศิลปะที่ไม่มีชื่อ_95.asset
  artifactKey: Guid(9bbf3a7655fec4939a1ce361d3f18220) Importer(815301076,1909f56bfc062723c751e8b465ee728b)
Start importing Assets/image/งานศิลปะที่ไม่มีชื่อ_95.asset using Guid(9bbf3a7655fec4939a1ce361d3f18220) Importer(815301076,1909f56bfc062723c751e8b465ee728b)  -> (artifact id: '69371e4f80dd7b5089b5c1e38f1ced9d') in 0.004117 seconds 
========================================================================
Received Import Request.
  Time since last request: 0.000048 seconds.
  path: Assets/image/งานศิลปะที่ไม่มีชื่อ_195.asset
  artifactKey: Guid(127c099e0627d4a889efd89abee9bd3b) Importer(815301076,1909f56bfc062723c751e8b465ee728b)
Start importing Assets/image/งานศิลปะที่ไม่มีชื่อ_195.asset using Guid(127c099e0627d4a889efd89abee9bd3b) Importer(815301076,1909f56bfc062723c751e8b465ee728b)  -> (artifact id: '4ab44202060b14e56640793d5659e745') in 0.004130 seconds 
========================================================================
Received Import Request.
  Time since last request: 0.000044 seconds.
  path: Assets/image/งานศิลปะที่ไม่มีชื่อ_114.asset
  artifactKey: Guid(fcf9988e1586e472eb8a5e3a365f5029) Importer(815301076,1909f56bfc062723c751e8b465ee728b)
Start importing Assets/image/งานศิลปะที่ไม่มีชื่อ_114.asset using Guid(fcf9988e1586e472eb8a5e3a365f5029) Importer(815301076,1909f56bfc062723c751e8b465ee728b)  -> (artifact id: 'd244739a71b37bf9d49cc65922cbb8a6') in 0.004183 seconds 
========================================================================
Received Import Request.
  Time since last request: 0.000068 seconds.
  path: Assets/image/งานศิลปะที่ไม่มีชื่อ_302.asset
  artifactKey: Guid(63f77ae5a9d6c419c8832c1f0ba35263) Importer(815301076,1909f56bfc062723c751e8b465ee728b)
Start importing Assets/image/งานศิลปะที่ไม่มีชื่อ_302.asset using Guid(63f77ae5a9d6c419c8832c1f0ba35263) Importer(815301076,1909f56bfc062723c751e8b465ee728b)  -> (artifact id: '6efcf79224eb05a0e9f424bc98950041') in 0.004445 seconds 
========================================================================
Received Import Request.
  Time since last request: 0.000044 seconds.
  path: Assets/image/งานศิลปะที่ไม่มีชื่อ_319.asset
  artifactKey: Guid(27c8c36a869744863ab8c6a902837e56) Importer(815301076,1909f56bfc062723c751e8b465ee728b)
Start importing Assets/image/งานศิลปะที่ไม่มีชื่อ_319.asset using Guid(27c8c36a869744863ab8c6a902837e56) Importer(815301076,1909f56bfc062723c751e8b465ee728b)  -> (artifact id: '9e46ee4510e7ea1539d770269c081310') in 0.004511 seconds 
========================================================================
Received Import Request.
  Time since last request: 0.000048 seconds.
  path: Assets/image/งานศิลปะที่ไม่มีชื่อ_286.asset
  artifactKey: Guid(fa8a0a0a881994bb78346f9e8bd1375a) Importer(815301076,1909f56bfc062723c751e8b465ee728b)
Start importing Assets/image/งานศิลปะที่ไม่มีชื่อ_286.asset using Guid(fa8a0a0a881994bb78346f9e8bd1375a) Importer(815301076,1909f56bfc062723c751e8b465ee728b)  -> (artifact id: '522cd190c676259ab8ca0304bb3d988b') in 0.004059 seconds 
========================================================================
Received Import Request.
  Time since last request: 0.000062 seconds.
  path: Assets/image/งานศิลปะที่ไม่มีชื่อ_305.asset
  artifactKey: Guid(0b964c1eee2fc40a9a34d8300d6f849d) Importer(815301076,1909f56bfc062723c751e8b465ee728b)
Start importing Assets/image/งานศิลปะที่ไม่มีชื่อ_305.asset using Guid(0b964c1eee2fc40a9a34d8300d6f849d) Importer(815301076,1909f56bfc062723c751e8b465ee728b)  -> (artifact id: '8cf416d0aa3d5689a15d597185d9ff65') in 0.004040 seconds 
========================================================================
Received Import Request.
  Time since last request: 0.000056 seconds.
  path: Assets/image/งานศิลปะที่ไม่มีชื่อ_369.asset
  artifactKey: Guid(738ab9bb751be47ecb5af7aaeee68348) Importer(815301076,1909f56bfc062723c751e8b465ee728b)
Start importing Assets/image/งานศิลปะที่ไม่มีชื่อ_369.asset using Guid(738ab9bb751be47ecb5af7aaeee68348) Importer(815301076,1909f56bfc062723c751e8b465ee728b)  -> (artifact id: '9e7078ecee2a01fffa7fb86f61c990ba') in 0.003739 seconds 
========================================================================
Received Import Request.
  Time since last request: 0.000048 seconds.
  path: Assets/image/งานศิลปะที่ไม่มีชื่อ_384.asset
  artifactKey: Guid(e915d56ca2d23414e87288a7b2d4c96a) Importer(815301076,1909f56bfc062723c751e8b465ee728b)
Start importing Assets/image/งานศิลปะที่ไม่มีชื่อ_384.asset using Guid(e915d56ca2d23414e87288a7b2d4c96a) Importer(815301076,1909f56bfc062723c751e8b465ee728b)  -> (artifact id: '6dfa93d4162cf6507ebdd4ce7e43624b') in 0.004020 seconds 
========================================================================
Received Import Request.
  Time since last request: 0.000046 seconds.
  path: Assets/image/งานศิลปะที่ไม่มีชื่อ_358.asset
  artifactKey: Guid(9741b643e4cce4833bbfa878583057d6) Importer(815301076,1909f56bfc062723c751e8b465ee728b)
Start importing Assets/image/งานศิลปะที่ไม่มีชื่อ_358.asset using Guid(9741b643e4cce4833bbfa878583057d6) Importer(815301076,1909f56bfc062723c751e8b465ee728b)  -> (artifact id: 'bf8b7a1b25f09715c9732ecf31892f39') in 0.003941 seconds 
========================================================================
Received Import Request.
  Time since last request: 0.000047 seconds.
  path: Assets/image/งานศิลปะที่ไม่มีชื่อ_209.asset
  artifactKey: Guid(c5dcf9422ad1b44d5922131d05346fba) Importer(815301076,1909f56bfc062723c751e8b465ee728b)
Start importing Assets/image/งานศิลปะที่ไม่มีชื่อ_209.asset using Guid(c5dcf9422ad1b44d5922131d05346fba) Importer(815301076,1909f56bfc062723c751e8b465ee728b)  -> (artifact id: '160a2d43cbf129a077bd52a6fff77508') in 0.004189 seconds 
========================================================================
Received Import Request.
  Time since last request: 0.000039 seconds.
  path: Assets/image/งานศิลปะที่ไม่มีชื่อ_303.asset
  artifactKey: Guid(87e6abbd795694dbc801ee23109ad437) Importer(815301076,1909f56bfc062723c751e8b465ee728b)
Start importing Assets/image/งานศิลปะที่ไม่มีชื่อ_303.asset using Guid(87e6abbd795694dbc801ee23109ad437) Importer(815301076,1909f56bfc062723c751e8b465ee728b)  -> (artifact id: 'b8403a678fc5d07a0d7572f8f6f16368') in 0.003948 seconds 
========================================================================
Received Import Request.
  Time since last request: 0.000046 seconds.
  path: Assets/image/งานศิลปะที่ไม่มีชื่อ_296.asset
  artifactKey: Guid(6b137313ebbea4bfabe7d2694c70123c) Importer(815301076,1909f56bfc062723c751e8b465ee728b)
Start importing Assets/image/งานศิลปะที่ไม่มีชื่อ_296.asset using Guid(6b137313ebbea4bfabe7d2694c70123c) Importer(815301076,1909f56bfc062723c751e8b465ee728b)  -> (artifact id: '0e127f0c85bad56ec8676c1e099c0e8d') in 0.003703 seconds 
========================================================================
Received Import Request.
  Time since last request: 0.000048 seconds.
  path: Assets/image/งานศิลปะที่ไม่มีชื่อ_208.asset
  artifactKey: Guid(51cb49e734c994bef9b3f600db57e143) Importer(815301076,1909f56bfc062723c751e8b465ee728b)
Start importing Assets/image/งานศิลปะที่ไม่มีชื่อ_208.asset using Guid(51cb49e734c994bef9b3f600db57e143) Importer(815301076,1909f56bfc062723c751e8b465ee728b)  -> (artifact id: 'e8952af0645c18ad90f189944006471c') in 0.003935 seconds 
========================================================================
Received Import Request.
  Time since last request: 0.000038 seconds.
  path: Assets/image/งานศิลปะที่ไม่มีชื่อ_447.asset
  artifactKey: Guid(2edead9a8b5b64adbaab24298178d26a) Importer(815301076,1909f56bfc062723c751e8b465ee728b)
Start importing Assets/image/งานศิลปะที่ไม่มีชื่อ_447.asset using Guid(2edead9a8b5b64adbaab24298178d26a) Importer(815301076,1909f56bfc062723c751e8b465ee728b)  -> (artifact id: 'd2842c7eacf1a9de210c8124d0b7fdc7') in 0.003833 seconds 
========================================================================
Received Import Request.
  Time since last request: 0.000050 seconds.
  path: Assets/image/งานศิลปะที่ไม่มีชื่อ_469.asset
  artifactKey: Guid(f7d4a58fcd69e42bbbb2a2e68b122a3d) Importer(815301076,1909f56bfc062723c751e8b465ee728b)
Start importing Assets/image/งานศิลปะที่ไม่มีชื่อ_469.asset using Guid(f7d4a58fcd69e42bbbb2a2e68b122a3d) Importer(815301076,1909f56bfc062723c751e8b465ee728b)  -> (artifact id: '3d653e49e8a4ba246d1622fe6d1c06e3') in 0.003908 seconds 
========================================================================
Received Import Request.
  Time since last request: 0.000069 seconds.
  path: Assets/image/งานศิลปะที่ไม่มีชื่อ_454.asset
  artifactKey: Guid(f87b93496107749d88ea1f469411ea13) Importer(815301076,1909f56bfc062723c751e8b465ee728b)
Start importing Assets/image/งานศิลปะที่ไม่มีชื่อ_454.asset using Guid(f87b93496107749d88ea1f469411ea13) Importer(815301076,1909f56bfc062723c751e8b465ee728b)  -> (artifact id: '8c2613bbbceba7389891899dea534aed') in 0.003788 seconds 
========================================================================
Received Import Request.
  Time since last request: 0.000053 seconds.
  path: Assets/image/งานศิลปะที่ไม่มีชื่อ_112.asset
  artifactKey: Guid(8a85c430d97864fdd8524d571161da53) Importer(815301076,1909f56bfc062723c751e8b465ee728b)
Start importing Assets/image/งานศิลปะที่ไม่มีชื่อ_112.asset using Guid(8a85c430d97864fdd8524d571161da53) Importer(815301076,1909f56bfc062723c751e8b465ee728b)  -> (artifact id: '7ec37e5f0f5c94dd81152ee99cc59c48') in 0.004007 seconds 
========================================================================
Received Import Request.
  Time since last request: 0.000054 seconds.
  path: Assets/image/งานศิลปะที่ไม่มีชื่อ_452.asset
  artifactKey: Guid(d435675fd4cfa40c2bf7d49d52db08b1) Importer(815301076,1909f56bfc062723c751e8b465ee728b)
Start importing Assets/image/งานศิลปะที่ไม่มีชื่อ_452.asset using Guid(d435675fd4cfa40c2bf7d49d52db08b1) Importer(815301076,1909f56bfc062723c751e8b465ee728b)  -> (artifact id: 'a41c727286565070e383cc7d2c7c8013') in 0.004124 seconds 
========================================================================
Received Import Request.
  Time since last request: 0.000044 seconds.
  path: Assets/image/งานศิลปะที่ไม่มีชื่อ_189.asset
  artifactKey: Guid(ffa81a854e0464b0b8c002982b678337) Importer(815301076,1909f56bfc062723c751e8b465ee728b)
Start importing Assets/image/งานศิลปะที่ไม่มีชื่อ_189.asset using Guid(ffa81a854e0464b0b8c002982b678337) Importer(815301076,1909f56bfc062723c751e8b465ee728b)  -> (artifact id: 'ff64ce2f3da84c5cba5e5017a9acc24d') in 0.003960 seconds 
========================================================================
Received Import Request.
  Time since last request: 0.000044 seconds.
  path: Assets/image/งานศิลปะที่ไม่มีชื่อ_383.asset
  artifactKey: Guid(55e0513b206d44c6ea536cd69297d2ec) Importer(815301076,1909f56bfc062723c751e8b465ee728b)
Start importing Assets/image/งานศิลปะที่ไม่มีชื่อ_383.asset using Guid(55e0513b206d44c6ea536cd69297d2ec) Importer(815301076,1909f56bfc062723c751e8b465ee728b)  -> (artifact id: '4f85c48f6cf77733dcb6d454f60cb209') in 0.003662 seconds 
========================================================================
Received Import Request.
  Time since last request: 0.000047 seconds.
  path: Assets/image/งานศิลปะที่ไม่มีชื่อ_186.asset
  artifactKey: Guid(1403110510795416ab5ad715971ee45b) Importer(815301076,1909f56bfc062723c751e8b465ee728b)
Start importing Assets/image/งานศิลปะที่ไม่มีชื่อ_186.asset using Guid(1403110510795416ab5ad715971ee45b) Importer(815301076,1909f56bfc062723c751e8b465ee728b)  -> (artifact id: '35c6d740efd5298e3275a83f723e6faa') in 0.003888 seconds 
========================================================================
Received Import Request.
  Time since last request: 0.000045 seconds.
  path: Assets/image/งานศิลปะที่ไม่มีชื่อ_362.asset
  artifactKey: Guid(26c9beea60bdb4bce93bb309a06c4dd9) Importer(815301076,1909f56bfc062723c751e8b465ee728b)
Start importing Assets/image/งานศิลปะที่ไม่มีชื่อ_362.asset using Guid(26c9beea60bdb4bce93bb309a06c4dd9) Importer(815301076,1909f56bfc062723c751e8b465ee728b)  -> (artifact id: '28571a15343a54cb00ac02f43579ef37') in 0.003856 seconds 
========================================================================
Received Import Request.
  Time since last request: 0.000050 seconds.
  path: Assets/image/งานศิลปะที่ไม่มีชื่อ_188.asset
  artifactKey: Guid(344d522fa6b5e458bbe91ebe8b29a978) Importer(815301076,1909f56bfc062723c751e8b465ee728b)
Start importing Assets/image/งานศิลปะที่ไม่มีชื่อ_188.asset using Guid(344d522fa6b5e458bbe91ebe8b29a978) Importer(815301076,1909f56bfc062723c751e8b465ee728b)  -> (artifact id: 'a7d88d966eec983ab7cf5d45775ce64a') in 0.004065 seconds 
========================================================================
Received Import Request.
  Time since last request: 0.000047 seconds.
  path: Assets/image/งานศิลปะที่ไม่มีชื่อ_182.asset
  artifactKey: Guid(2c8b29e8e286b4f79a4f159c472ce7ed) Importer(815301076,1909f56bfc062723c751e8b465ee728b)
Start importing Assets/image/งานศิลปะที่ไม่มีชื่อ_182.asset using Guid(2c8b29e8e286b4f79a4f159c472ce7ed) Importer(815301076,1909f56bfc062723c751e8b465ee728b)  -> (artifact id: '62ffe8f10c5834a595a902f3b96623b6') in 0.003535 seconds 
========================================================================
Received Import Request.
  Time since last request: 0.000073 seconds.
  path: Assets/image/งานศิลปะที่ไม่มีชื่อ_360.asset
  artifactKey: Guid(c10d506c423d143a99190f5460c809bf) Importer(815301076,1909f56bfc062723c751e8b465ee728b)
Start importing Assets/image/งานศิลปะที่ไม่มีชื่อ_360.asset using Guid(c10d506c423d143a99190f5460c809bf) Importer(815301076,1909f56bfc062723c751e8b465ee728b)  -> (artifact id: 'b7b5cae8b2ab6dacf81eadddc279f209') in 0.004196 seconds 
========================================================================
Received Import Request.
  Time since last request: 0.000057 seconds.
  path: Assets/image/งานศิลปะที่ไม่มีชื่อ_386.asset
  artifactKey: Guid(83f10815004e44608bee4e3cd09eb98e) Importer(815301076,1909f56bfc062723c751e8b465ee728b)
Start importing Assets/image/งานศิลปะที่ไม่มีชื่อ_386.asset using Guid(83f10815004e44608bee4e3cd09eb98e) Importer(815301076,1909f56bfc062723c751e8b465ee728b)  -> (artifact id: '17a8c0a58b440cb5d0cd5f8d068a5a2e') in 0.003888 seconds 
========================================================================
Received Import Request.
  Time since last request: 0.000052 seconds.
  path: Assets/image/งานศิลปะที่ไม่มีชื่อ_284.asset
  artifactKey: Guid(4b5a4a42ee47443c29928e984e86a87e) Importer(815301076,1909f56bfc062723c751e8b465ee728b)
Start importing Assets/image/งานศิลปะที่ไม่มีชื่อ_284.asset using Guid(4b5a4a42ee47443c29928e984e86a87e) Importer(815301076,1909f56bfc062723c751e8b465ee728b)  -> (artifact id: '4583018fa8a00890371fded51d5bd0ea') in 0.003765 seconds 
========================================================================
Received Import Request.
  Time since last request: 0.000046 seconds.
  path: Assets/image/งานศิลปะที่ไม่มีชื่อ_444.asset
  artifactKey: Guid(d5684373ee6564c5a87e191fa2844e40) Importer(815301076,1909f56bfc062723c751e8b465ee728b)
Start importing Assets/image/งานศิลปะที่ไม่มีชื่อ_444.asset using Guid(d5684373ee6564c5a87e191fa2844e40) Importer(815301076,1909f56bfc062723c751e8b465ee728b)  -> (artifact id: 'de72d652792fd8991217c93dc0adbbce') in 0.003782 seconds 
========================================================================
Received Import Request.
  Time since last request: 0.000057 seconds.
  path: Assets/image/งานศิลปะที่ไม่มีชื่อ_356.asset
  artifactKey: Guid(1cc062d60fe9645beb8e5190c3f81cbb) Importer(815301076,1909f56bfc062723c751e8b465ee728b)
Start importing Assets/image/งานศิลปะที่ไม่มีชื่อ_356.asset using Guid(1cc062d60fe9645beb8e5190c3f81cbb) Importer(815301076,1909f56bfc062723c751e8b465ee728b)  -> (artifact id: '65955aeb1c5f4c51eb48c947398eda5b') in 0.003679 seconds 
========================================================================
Received Import Request.
  Time since last request: 0.000051 seconds.
  path: Assets/image/งานศิลปะที่ไม่มีชื่อ_440.asset
  artifactKey: Guid(dfb8274116cdc445c9d68c1fc2668e02) Importer(815301076,1909f56bfc062723c751e8b465ee728b)
Start importing Assets/image/งานศิลปะที่ไม่มีชื่อ_440.asset using Guid(dfb8274116cdc445c9d68c1fc2668e02) Importer(815301076,1909f56bfc062723c751e8b465ee728b)  -> (artifact id: 'dcbfe219ce41bd6fe58275b190ea170d') in 0.004339 seconds 
========================================================================
Received Import Request.
  Time since last request: 0.000076 seconds.
  path: Assets/image/งานศิลปะที่ไม่มีชื่อ_377.asset
  artifactKey: Guid(63a4d05feb42948219acf2edfcb88e2e) Importer(815301076,1909f56bfc062723c751e8b465ee728b)
Start importing Assets/image/งานศิลปะที่ไม่มีชื่อ_377.asset using Guid(63a4d05feb42948219acf2edfcb88e2e) Importer(815301076,1909f56bfc062723c751e8b465ee728b)  -> (artifact id: 'fc26832fcb6b993623f13465e486ec7b') in 0.006446 seconds 
========================================================================
Received Import Request.
  Time since last request: 0.000050 seconds.
  path: Assets/image/งานศิลปะที่ไม่มีชื่อ_187.asset
  artifactKey: Guid(a3303c541a59c4624a18b338bb9a67d6) Importer(815301076,1909f56bfc062723c751e8b465ee728b)
Start importing Assets/image/งานศิลปะที่ไม่มีชื่อ_187.asset using Guid(a3303c541a59c4624a18b338bb9a67d6) Importer(815301076,1909f56bfc062723c751e8b465ee728b)  -> (artifact id: '4c24d599416b04d50ed9fa0d36bb2f6b') in 0.004293 seconds 
========================================================================
Received Import Request.
  Time since last request: 0.000047 seconds.
  path: Assets/image/งานศิลปะที่ไม่มีชื่อ_463.asset
  artifactKey: Guid(6ac827963265b45d1a7f5ea11d391f06) Importer(815301076,1909f56bfc062723c751e8b465ee728b)
Start importing Assets/image/งานศิลปะที่ไม่มีชื่อ_463.asset using Guid(6ac827963265b45d1a7f5ea11d391f06) Importer(815301076,1909f56bfc062723c751e8b465ee728b)  -> (artifact id: '52f9a8719cd2bfad066462ae22df74c2') in 0.003834 seconds 
========================================================================
Received Import Request.
  Time since last request: 0.000060 seconds.
  path: Assets/image/งานศิลปะที่ไม่มีชื่อ_176.asset
  artifactKey: Guid(0ed3cab1b873d4316945ecf8525bc10a) Importer(815301076,1909f56bfc062723c751e8b465ee728b)
Start importing Assets/image/งานศิลปะที่ไม่มีชื่อ_176.asset using Guid(0ed3cab1b873d4316945ecf8525bc10a) Importer(815301076,1909f56bfc062723c751e8b465ee728b)  -> (artifact id: '57b5e8d606f3d86f6f5ed5f6cbf09fb9') in 0.003889 seconds 
========================================================================
Received Import Request.
  Time since last request: 0.000050 seconds.
  path: Assets/image/งานศิลปะที่ไม่มีชื่อ_196.asset
  artifactKey: Guid(587bcdd9b1cf04d398848a5a7ad3cdd2) Importer(815301076,1909f56bfc062723c751e8b465ee728b)
Start importing Assets/image/งานศิลปะที่ไม่มีชื่อ_196.asset using Guid(587bcdd9b1cf04d398848a5a7ad3cdd2) Importer(815301076,1909f56bfc062723c751e8b465ee728b)  -> (artifact id: 'd8e22a8b8d0c49da8c7b73c3561d4dc9') in 0.004232 seconds 
========================================================================
Received Import Request.
  Time since last request: 0.000052 seconds.
  path: Assets/image/งานศิลปะที่ไม่มีชื่อ_100.asset
  artifactKey: Guid(11a82f86081424f8e9dcf9b7d3cfa3a4) Importer(815301076,1909f56bfc062723c751e8b465ee728b)
Start importing Assets/image/งานศิลปะที่ไม่มีชื่อ_100.asset using Guid(11a82f86081424f8e9dcf9b7d3cfa3a4) Importer(815301076,1909f56bfc062723c751e8b465ee728b)  -> (artifact id: 'bbbf57a4e1d85dbdddd3c2ab68505307') in 0.003763 seconds 
========================================================================
Received Import Request.
  Time since last request: 0.000044 seconds.
  path: Assets/image/งานศิลปะที่ไม่มีชื่อ_116.asset
  artifactKey: Guid(26692bba10b87486f9e20aaa9c2c910c) Importer(815301076,1909f56bfc062723c751e8b465ee728b)
Start importing Assets/image/งานศิลปะที่ไม่มีชื่อ_116.asset using Guid(26692bba10b87486f9e20aaa9c2c910c) Importer(815301076,1909f56bfc062723c751e8b465ee728b)  -> (artifact id: '4537d0297da9a4ceaea96230a52ff2aa') in 0.003625 seconds 
========================================================================
Received Import Request.
  Time since last request: 0.000054 seconds.
  path: Assets/image/งานศิลปะที่ไม่มีชื่อ_478.asset
  artifactKey: Guid(b9781d6ab205f4a38ae5d23b3f34ba58) Importer(815301076,1909f56bfc062723c751e8b465ee728b)
Start importing Assets/image/งานศิลปะที่ไม่มีชื่อ_478.asset using Guid(b9781d6ab205f4a38ae5d23b3f34ba58) Importer(815301076,1909f56bfc062723c751e8b465ee728b)  -> (artifact id: 'a9ff91e4a94df4a038309131a92d20c5') in 0.003989 seconds 
========================================================================
Received Import Request.
  Time since last request: 0.000061 seconds.
  path: Assets/image/งานศิลปะที่ไม่มีชื่อ_203.asset
  artifactKey: Guid(00be6714d211447b6a2dd2a09d708295) Importer(815301076,1909f56bfc062723c751e8b465ee728b)
Start importing Assets/image/งานศิลปะที่ไม่มีชื่อ_203.asset using Guid(00be6714d211447b6a2dd2a09d708295) Importer(815301076,1909f56bfc062723c751e8b465ee728b)  -> (artifact id: '18f767f272ace97451daded80b2f8638') in 0.003676 seconds 
========================================================================
Received Import Request.
  Time since last request: 0.000067 seconds.
  path: Assets/image/งานศิลปะที่ไม่มีชื่อ_211.asset
  artifactKey: Guid(1acfdfd1574f349b6a34aa3af1b2a490) Importer(815301076,1909f56bfc062723c751e8b465ee728b)
Start importing Assets/image/งานศิลปะที่ไม่มีชื่อ_211.asset using Guid(1acfdfd1574f349b6a34aa3af1b2a490) Importer(815301076,1909f56bfc062723c751e8b465ee728b)  -> (artifact id: 'be6acd9b2af34f1302ade5b9938b64d4') in 0.004169 seconds 
========================================================================
Received Import Request.
  Time since last request: 0.000053 seconds.
  path: Assets/image/งานศิลปะที่ไม่มีชื่อ_448.asset
  artifactKey: Guid(04f731ac43bfe49d190f3e3cf21bee75) Importer(815301076,1909f56bfc062723c751e8b465ee728b)
Start importing Assets/image/งานศิลปะที่ไม่มีชื่อ_448.asset using Guid(04f731ac43bfe49d190f3e3cf21bee75) Importer(815301076,1909f56bfc062723c751e8b465ee728b)  -> (artifact id: '439ef90f1622a129d96004a1f5d520f2') in 0.004223 seconds 
========================================================================
Received Import Request.
  Time since last request: 0.000061 seconds.
  path: Assets/image/งานศิลปะที่ไม่มีชื่อ_391.asset
  artifactKey: Guid(9be32c32bc914487b82137d13f994970) Importer(815301076,1909f56bfc062723c751e8b465ee728b)
Start importing Assets/image/งานศิลปะที่ไม่มีชื่อ_391.asset using Guid(9be32c32bc914487b82137d13f994970) Importer(815301076,1909f56bfc062723c751e8b465ee728b)  -> (artifact id: '4f34c94baa46d6039e4772fca4e976de') in 0.003713 seconds 
========================================================================
Received Import Request.
  Time since last request: 0.000051 seconds.
  path: Assets/image/งานศิลปะที่ไม่มีชื่อ_206.asset
  artifactKey: Guid(4445cb7a061fc4b68bb671327564fc59) Importer(815301076,1909f56bfc062723c751e8b465ee728b)
Start importing Assets/image/งานศิลปะที่ไม่มีชื่อ_206.asset using Guid(4445cb7a061fc4b68bb671327564fc59) Importer(815301076,1909f56bfc062723c751e8b465ee728b)  -> (artifact id: 'bffe5ef395bf7c0d835f77cef708fd4f') in 0.004403 seconds 
========================================================================
Received Import Request.
  Time since last request: 0.000045 seconds.
  path: Assets/image/งานศิลปะที่ไม่มีชื่อ_378.asset
  artifactKey: Guid(dc6e8196fd1b94f6f8b09f829756fff1) Importer(815301076,1909f56bfc062723c751e8b465ee728b)
Start importing Assets/image/งานศิลปะที่ไม่มีชื่อ_378.asset using Guid(dc6e8196fd1b94f6f8b09f829756fff1) Importer(815301076,1909f56bfc062723c751e8b465ee728b)  -> (artifact id: '3ccdb2eec533feba9f17f12b73514553') in 0.004303 seconds 
========================================================================
Received Import Request.
  Time since last request: 0.000069 seconds.
  path: Assets/image/งานศิลปะที่ไม่มีชื่อ_97.asset
  artifactKey: Guid(d6c047b10cdb44417b08bbbc140910a6) Importer(815301076,1909f56bfc062723c751e8b465ee728b)
Start importing Assets/image/งานศิลปะที่ไม่มีชื่อ_97.asset using Guid(d6c047b10cdb44417b08bbbc140910a6) Importer(815301076,1909f56bfc062723c751e8b465ee728b)  -> (artifact id: '367d7bd29a01b17d2e6ddf9a21f54ece') in 0.004002 seconds 
========================================================================
Received Import Request.
  Time since last request: 0.000043 seconds.
  path: Assets/image/งานศิลปะที่ไม่มีชื่อ_96.asset
  artifactKey: Guid(26cc46853aae24e2095894e58e549cef) Importer(815301076,1909f56bfc062723c751e8b465ee728b)
Start importing Assets/image/งานศิลปะที่ไม่มีชื่อ_96.asset using Guid(26cc46853aae24e2095894e58e549cef) Importer(815301076,1909f56bfc062723c751e8b465ee728b)  -> (artifact id: '60c63370e7702e4fdec6a1cac3bb9d9e') in 0.003862 seconds 
========================================================================
Received Import Request.
  Time since last request: 0.000045 seconds.
  path: Assets/image/งานศิลปะที่ไม่มีชื่อ_306.asset
  artifactKey: Guid(0ef6d953d2e6d41ac8c54971359bf6dd) Importer(815301076,1909f56bfc062723c751e8b465ee728b)
Start importing Assets/image/งานศิลปะที่ไม่มีชื่อ_306.asset using Guid(0ef6d953d2e6d41ac8c54971359bf6dd) Importer(815301076,1909f56bfc062723c751e8b465ee728b)  -> (artifact id: '66579ceff58b5fee28d043bab4957ee6') in 0.003915 seconds 
========================================================================
Received Import Request.
  Time since last request: 0.000039 seconds.
  path: Assets/image/งานศิลปะที่ไม่มีชื่อ_355.asset
  artifactKey: Guid(56ee90ede92964600af248af1695192e) Importer(815301076,1909f56bfc062723c751e8b465ee728b)
Start importing Assets/image/งานศิลปะที่ไม่มีชื่อ_355.asset using Guid(56ee90ede92964600af248af1695192e) Importer(815301076,1909f56bfc062723c751e8b465ee728b)  -> (artifact id: '26980da3f1f5e573c49a318c81689a45') in 0.003977 seconds 
========================================================================
Received Import Request.
  Time since last request: 0.000050 seconds.
  path: Assets/image/งานศิลปะที่ไม่มีชื่อ_467.asset
  artifactKey: Guid(b69b72f7600404151b80f5fb3e030dbf) Importer(815301076,1909f56bfc062723c751e8b465ee728b)
Start importing Assets/image/งานศิลปะที่ไม่มีชื่อ_467.asset using Guid(b69b72f7600404151b80f5fb3e030dbf) Importer(815301076,1909f56bfc062723c751e8b465ee728b)  -> (artifact id: '542663d039d9e859f6c3a551a898285b') in 0.004210 seconds 
========================================================================
Received Import Request.
  Time since last request: 0.000069 seconds.
  path: Assets/image/งานศิลปะที่ไม่มีชื่อ_109.asset
  artifactKey: Guid(c4d09ce0929444629bb1cabc477e36fc) Importer(815301076,1909f56bfc062723c751e8b465ee728b)
Start importing Assets/image/งานศิลปะที่ไม่มีชื่อ_109.asset using Guid(c4d09ce0929444629bb1cabc477e36fc) Importer(815301076,1909f56bfc062723c751e8b465ee728b)  -> (artifact id: 'f4cbdf06ccf027723b47ea7c78b8fc27') in 0.004144 seconds 
========================================================================
Received Import Request.
  Time since last request: 0.000045 seconds.
  path: Assets/image/งานศิลปะที่ไม่มีชื่อ_292.asset
  artifactKey: Guid(11707497977664467994c963fc9ed861) Importer(815301076,1909f56bfc062723c751e8b465ee728b)
Start importing Assets/image/งานศิลปะที่ไม่มีชื่อ_292.asset using Guid(11707497977664467994c963fc9ed861) Importer(815301076,1909f56bfc062723c751e8b465ee728b)  -> (artifact id: '50599bd8c4a4fa99e19594e81be68d50') in 0.003977 seconds 
========================================================================
Received Import Request.
  Time since last request: 0.000049 seconds.
  path: Assets/image/งานศิลปะที่ไม่มีชื่อ_455.asset
  artifactKey: Guid(e7a77ca8a2ff34bf2a7ea040dd697e35) Importer(815301076,1909f56bfc062723c751e8b465ee728b)
Start importing Assets/image/งานศิลปะที่ไม่มีชื่อ_455.asset using Guid(e7a77ca8a2ff34bf2a7ea040dd697e35) Importer(815301076,1909f56bfc062723c751e8b465ee728b)  -> (artifact id: '1bb894d40a1827ac331ce10aafed32e4') in 0.003892 seconds 
========================================================================
Received Import Request.
  Time since last request: 0.000064 seconds.
  path: Assets/image/งานศิลปะที่ไม่มีชื่อ_462.asset
  artifactKey: Guid(a7750faa44c674a54b2cac4552bc878f) Importer(815301076,1909f56bfc062723c751e8b465ee728b)
Start importing Assets/image/งานศิลปะที่ไม่มีชื่อ_462.asset using Guid(a7750faa44c674a54b2cac4552bc878f) Importer(815301076,1909f56bfc062723c751e8b465ee728b)  -> (artifact id: '6c56d2c97dc097b960793ac9892ae87b') in 0.004190 seconds 
========================================================================
Received Import Request.
  Time since last request: 0.000045 seconds.
  path: Assets/image/งานศิลปะที่ไม่มีชื่อ_375.asset
  artifactKey: Guid(1addb6306582f47738a773726a442c40) Importer(815301076,1909f56bfc062723c751e8b465ee728b)
Start importing Assets/image/งานศิลปะที่ไม่มีชื่อ_375.asset using Guid(1addb6306582f47738a773726a442c40) Importer(815301076,1909f56bfc062723c751e8b465ee728b)  -> (artifact id: '30ae4e29c37032b00e4cd01d7f0a5380') in 0.003968 seconds 
========================================================================
Received Import Request.
  Time since last request: 0.000059 seconds.
  path: Assets/image/งานศิลปะที่ไม่มีชื่อ_387.asset
  artifactKey: Guid(d99b38fd4424f4f72b32baf6c5dc2eae) Importer(815301076,1909f56bfc062723c751e8b465ee728b)
Start importing Assets/image/งานศิลปะที่ไม่มีชื่อ_387.asset using Guid(d99b38fd4424f4f72b32baf6c5dc2eae) Importer(815301076,1909f56bfc062723c751e8b465ee728b)  -> (artifact id: 'e77ce9e13db92e1993cbd48dd9aaa8ff') in 0.003840 seconds 
========================================================================
Received Import Request.
  Time since last request: 0.000052 seconds.
  path: Assets/image/งานศิลปะที่ไม่มีชื่อ_460.asset
  artifactKey: Guid(b749abff1458545a6b800ad46b2b8625) Importer(815301076,1909f56bfc062723c751e8b465ee728b)
Start importing Assets/image/งานศิลปะที่ไม่มีชื่อ_460.asset using Guid(b749abff1458545a6b800ad46b2b8625) Importer(815301076,1909f56bfc062723c751e8b465ee728b)  -> (artifact id: 'c44888521ca6c97f99ec7f6d52e7de1c') in 0.005441 seconds 
========================================================================
Received Import Request.
  Time since last request: 0.000062 seconds.
  path: Assets/image/งานศิลปะที่ไม่มีชื่อ_287.asset
  artifactKey: Guid(825040ada67854ed19fb1c574684bf2d) Importer(815301076,1909f56bfc062723c751e8b465ee728b)
Start importing Assets/image/งานศิลปะที่ไม่มีชื่อ_287.asset using Guid(825040ada67854ed19fb1c574684bf2d) Importer(815301076,1909f56bfc062723c751e8b465ee728b)  -> (artifact id: '687c98b4d4aa4bd75666cfbef22c4d82') in 0.004335 seconds 
========================================================================
Received Import Request.
  Time since last request: 0.000055 seconds.
  path: Assets/image/งานศิลปะที่ไม่มีชื่อ_477.asset
  artifactKey: Guid(1200801a982f9489fb4213f637e17bac) Importer(815301076,1909f56bfc062723c751e8b465ee728b)
Start importing Assets/image/งานศิลปะที่ไม่มีชื่อ_477.asset using Guid(1200801a982f9489fb4213f637e17bac) Importer(815301076,1909f56bfc062723c751e8b465ee728b)  -> (artifact id: '7bd6002568592adde19faa56d227a3e6') in 0.003598 seconds 
========================================================================
Received Import Request.
  Time since last request: 0.000046 seconds.
  path: Assets/image/งานศิลปะที่ไม่มีชื่อ_458.asset
  artifactKey: Guid(20bee08c782fa4ed497af8ac2fb1275d) Importer(815301076,1909f56bfc062723c751e8b465ee728b)
Start importing Assets/image/งานศิลปะที่ไม่มีชื่อ_458.asset using Guid(20bee08c782fa4ed497af8ac2fb1275d) Importer(815301076,1909f56bfc062723c751e8b465ee728b)  -> (artifact id: '7d3031b7957491be87cc2123525b065b') in 0.003560 seconds 
========================================================================
Received Import Request.
  Time since last request: 0.000049 seconds.
  path: Assets/image/งานศิลปะที่ไม่มีชื่อ_308.asset
  artifactKey: Guid(35c22fd561e0148cc97941ab78aecc2f) Importer(815301076,1909f56bfc062723c751e8b465ee728b)
Start importing Assets/image/งานศิลปะที่ไม่มีชื่อ_308.asset using Guid(35c22fd561e0148cc97941ab78aecc2f) Importer(815301076,1909f56bfc062723c751e8b465ee728b)  -> (artifact id: 'ec106413ea161b5848fc552458ce8d08') in 0.003848 seconds 
========================================================================
Received Import Request.
  Time since last request: 0.000063 seconds.
  path: Assets/image/งานศิลปะที่ไม่มีชื่อ_101.asset
  artifactKey: Guid(bca2d9e7368294f6f972e18353e99c8e) Importer(815301076,1909f56bfc062723c751e8b465ee728b)
Start importing Assets/image/งานศิลปะที่ไม่มีชื่อ_101.asset using Guid(bca2d9e7368294f6f972e18353e99c8e) Importer(815301076,1909f56bfc062723c751e8b465ee728b)  -> (artifact id: 'b2f1cf558a94db76c0d6ddc211db9cdf') in 0.003865 seconds 
========================================================================
Received Import Request.
  Time since last request: 0.000046 seconds.
  path: Assets/image/งานศิลปะที่ไม่มีชื่อ_456.asset
  artifactKey: Guid(8661ae156a7874a6faba96fe0bd9f32b) Importer(815301076,1909f56bfc062723c751e8b465ee728b)
Start importing Assets/image/งานศิลปะที่ไม่มีชื่อ_456.asset using Guid(8661ae156a7874a6faba96fe0bd9f32b) Importer(815301076,1909f56bfc062723c751e8b465ee728b)  -> (artifact id: '1b67dd3ca4b32fc5107009759342260b') in 0.003804 seconds 
========================================================================
Received Import Request.
  Time since last request: 0.000043 seconds.
  path: Assets/image/งานศิลปะที่ไม่มีชื่อ_190.asset
  artifactKey: Guid(1582f67affdce4cd9b85ada84e384145) Importer(815301076,1909f56bfc062723c751e8b465ee728b)
Start importing Assets/image/งานศิลปะที่ไม่มีชื่อ_190.asset using Guid(1582f67affdce4cd9b85ada84e384145) Importer(815301076,1909f56bfc062723c751e8b465ee728b)  -> (artifact id: 'c102787c9b1a417204d9c7fdda41063b') in 0.004330 seconds 
========================================================================
Received Import Request.
  Time since last request: 0.000048 seconds.
  path: Assets/image/งานศิลปะที่ไม่มีชื่อ_177.asset
  artifactKey: Guid(cc01ca80eedb34f0690cb7a075577197) Importer(815301076,1909f56bfc062723c751e8b465ee728b)
Start importing Assets/image/งานศิลปะที่ไม่มีชื่อ_177.asset using Guid(cc01ca80eedb34f0690cb7a075577197) Importer(815301076,1909f56bfc062723c751e8b465ee728b)  -> (artifact id: '38fb190695d76584fad60d872e664112') in 0.003228 seconds 
========================================================================
Received Import Request.
  Time since last request: 0.000048 seconds.
  path: Assets/image/งานศิลปะที่ไม่มีชื่อ_453.asset
  artifactKey: Guid(16e05a1bb9b324e968324e7ec30db377) Importer(815301076,1909f56bfc062723c751e8b465ee728b)
Start importing Assets/image/งานศิลปะที่ไม่มีชื่อ_453.asset using Guid(16e05a1bb9b324e968324e7ec30db377) Importer(815301076,1909f56bfc062723c751e8b465ee728b)  -> (artifact id: '66ce8e32a129bb3814f90ca049d3f349') in 0.003742 seconds 
========================================================================
Received Import Request.
  Time since last request: 0.000050 seconds.
  path: Assets/image/งานศิลปะที่ไม่มีชื่อ_281.asset
  artifactKey: Guid(49678952ed3e14717acac6d7b8b4db4a) Importer(815301076,1909f56bfc062723c751e8b465ee728b)
Start importing Assets/image/งานศิลปะที่ไม่มีชื่อ_281.asset using Guid(49678952ed3e14717acac6d7b8b4db4a) Importer(815301076,1909f56bfc062723c751e8b465ee728b)  -> (artifact id: '97b808ea8b93b493fa3855ca931bce1c') in 0.004713 seconds 
========================================================================
Received Import Request.
  Time since last request: 0.000765 seconds.
  path: Assets/image/งานศิลปะที่ไม่มีชื่อ_192.asset
  artifactKey: Guid(640afaf128f3948d590ad89218d27cc4) Importer(815301076,1909f56bfc062723c751e8b465ee728b)
Start importing Assets/image/งานศิลปะที่ไม่มีชื่อ_192.asset using Guid(640afaf128f3948d590ad89218d27cc4) Importer(815301076,1909f56bfc062723c751e8b465ee728b)  -> (artifact id: '43aa9092d4ebd72e8743dc3f4128030e') in 0.003578 seconds 
========================================================================
Received Import Request.
  Time since last request: 0.000046 seconds.
  path: Assets/image/งานศิลปะที่ไม่มีชื่อ_450.asset
  artifactKey: Guid(2f40a37c2d87a4b66940d7e5abbbc95a) Importer(815301076,1909f56bfc062723c751e8b465ee728b)
Start importing Assets/image/งานศิลปะที่ไม่มีชื่อ_450.asset using Guid(2f40a37c2d87a4b66940d7e5abbbc95a) Importer(815301076,1909f56bfc062723c751e8b465ee728b)  -> (artifact id: '36637da9dd1978b8f6f59e7a469d6591') in 0.003856 seconds 
========================================================================
Received Import Request.
  Time since last request: 0.000049 seconds.
  path: Assets/image/งานศิลปะที่ไม่มีชื่อ_468.asset
  artifactKey: Guid(083fcc15dffdc44a393ffca5a03d1058) Importer(815301076,1909f56bfc062723c751e8b465ee728b)
Start importing Assets/image/งานศิลปะที่ไม่มีชื่อ_468.asset using Guid(083fcc15dffdc44a393ffca5a03d1058) Importer(815301076,1909f56bfc062723c751e8b465ee728b)  -> (artifact id: '045662fbe6c020662743f8dd93d70c5c') in 0.004657 seconds 
========================================================================
Received Import Request.
  Time since last request: 0.000047 seconds.
  path: Assets/image/งานศิลปะที่ไม่มีชื่อ_464.asset
  artifactKey: Guid(f7648bb41b39d478c8dd98e39fe82c50) Importer(815301076,1909f56bfc062723c751e8b465ee728b)
Start importing Assets/image/งานศิลปะที่ไม่มีชื่อ_464.asset using Guid(f7648bb41b39d478c8dd98e39fe82c50) Importer(815301076,1909f56bfc062723c751e8b465ee728b)  -> (artifact id: '6ac5790041d73d70539c27a658803874') in 0.003775 seconds 
========================================================================
Received Import Request.
  Time since last request: 0.000093 seconds.
  path: Assets/image/งานศิลปะที่ไม่มีชื่อ_474.asset
  artifactKey: Guid(b5cfb3180fed84d1e8c6e7ce815f7020) Importer(815301076,1909f56bfc062723c751e8b465ee728b)
Start importing Assets/image/งานศิลปะที่ไม่มีชื่อ_474.asset using Guid(b5cfb3180fed84d1e8c6e7ce815f7020) Importer(815301076,1909f56bfc062723c751e8b465ee728b)  -> (artifact id: '1fe443e2a1f5890db35a569119c97b71') in 0.003490 seconds 
========================================================================
Received Import Request.
  Time since last request: 0.000059 seconds.
  path: Assets/image/งานศิลปะที่ไม่มีชื่อ_363.asset
  artifactKey: Guid(8537261692da4471db199f0f48e6783a) Importer(815301076,1909f56bfc062723c751e8b465ee728b)
Start importing Assets/image/งานศิลปะที่ไม่มีชื่อ_363.asset using Guid(8537261692da4471db199f0f48e6783a) Importer(815301076,1909f56bfc062723c751e8b465ee728b)  -> (artifact id: 'bcda36a4d54481599c6c9d8ce26c1863') in 0.003972 seconds 
========================================================================
Received Import Request.
  Time since last request: 0.000050 seconds.
  path: Assets/image/งานศิลปะที่ไม่มีชื่อ_432.asset
  artifactKey: Guid(200751627d3714a9880e82c8e65a3cf5) Importer(815301076,1909f56bfc062723c751e8b465ee728b)
Start importing Assets/image/งานศิลปะที่ไม่มีชื่อ_432.asset using Guid(200751627d3714a9880e82c8e65a3cf5) Importer(815301076,1909f56bfc062723c751e8b465ee728b)  -> (artifact id: '0f30a2596a1d95c32dbf841fb14898a3') in 0.003939 seconds 
========================================================================
Received Import Request.
  Time since last request: 0.000047 seconds.
  path: Assets/image/งานศิลปะที่ไม่มีชื่อ_299.asset
  artifactKey: Guid(fc24716c25a4d4c07b680d35f675eb1b) Importer(815301076,1909f56bfc062723c751e8b465ee728b)
Start importing Assets/image/งานศิลปะที่ไม่มีชื่อ_299.asset using Guid(fc24716c25a4d4c07b680d35f675eb1b) Importer(815301076,1909f56bfc062723c751e8b465ee728b)  -> (artifact id: 'bd53c56a5f569e70bbb55e92c0325996') in 0.003545 seconds 
========================================================================
Received Import Request.
  Time since last request: 0.000038 seconds.
  path: Assets/image/งานศิลปะที่ไม่มีชื่อ_352.asset
  artifactKey: Guid(c89742415150f49e7a07638bbcc9bbf2) Importer(815301076,1909f56bfc062723c751e8b465ee728b)
Start importing Assets/image/งานศิลปะที่ไม่มีชื่อ_352.asset using Guid(c89742415150f49e7a07638bbcc9bbf2) Importer(815301076,1909f56bfc062723c751e8b465ee728b)  -> (artifact id: '276068485333811397a9982b40c00f40') in 0.004122 seconds 
========================================================================
Received Import Request.
  Time since last request: 0.000040 seconds.
  path: Assets/image/งานศิลปะที่ไม่มีชื่อ_304.asset
  artifactKey: Guid(f2a58cf30dc2945ac85a9d03a9178439) Importer(815301076,1909f56bfc062723c751e8b465ee728b)
Start importing Assets/image/งานศิลปะที่ไม่มีชื่อ_304.asset using Guid(f2a58cf30dc2945ac85a9d03a9178439) Importer(815301076,1909f56bfc062723c751e8b465ee728b)  -> (artifact id: '62b8e3805d509088d95c9150512884ef') in 0.004098 seconds 
========================================================================
Received Import Request.
  Time since last request: 0.000053 seconds.
  path: Assets/image/งานศิลปะที่ไม่มีชื่อ_470.asset
  artifactKey: Guid(a9bf48287e231492bb96fc14d4dc545f) Importer(815301076,1909f56bfc062723c751e8b465ee728b)
Start importing Assets/image/งานศิลปะที่ไม่มีชื่อ_470.asset using Guid(a9bf48287e231492bb96fc14d4dc545f) Importer(815301076,1909f56bfc062723c751e8b465ee728b)  -> (artifact id: 'eab5217e50a132a954c50fbc26c0b0ac') in 0.003677 seconds 
========================================================================
Received Import Request.
  Time since last request: 0.000038 seconds.
  path: Assets/image/งานศิลปะที่ไม่มีชื่อ_298.asset
  artifactKey: Guid(eb0dadcf4026848f6b9bf112921f9aeb) Importer(815301076,1909f56bfc062723c751e8b465ee728b)
Start importing Assets/image/งานศิลปะที่ไม่มีชื่อ_298.asset using Guid(eb0dadcf4026848f6b9bf112921f9aeb) Importer(815301076,1909f56bfc062723c751e8b465ee728b)  -> (artifact id: '35a66fc1605495fc2317b06edf124291') in 0.004293 seconds 
========================================================================
Received Import Request.
  Time since last request: 0.000063 seconds.
  path: Assets/image/งานศิลปะที่ไม่มีชื่อ_113.asset
  artifactKey: Guid(c4726a1b0952c48b19c780298960c252) Importer(815301076,1909f56bfc062723c751e8b465ee728b)
Start importing Assets/image/งานศิลปะที่ไม่มีชื่อ_113.asset using Guid(c4726a1b0952c48b19c780298960c252) Importer(815301076,1909f56bfc062723c751e8b465ee728b)  -> (artifact id: 'f95d42e9ee07ad18354161909916c8dc') in 0.004305 seconds 
========================================================================
Received Import Request.
  Time since last request: 0.000071 seconds.
  path: Assets/image/งานศิลปะที่ไม่มีชื่อ_295.asset
  artifactKey: Guid(59e490828f9b04c7a8ca942c7a36b3dc) Importer(815301076,1909f56bfc062723c751e8b465ee728b)
Start importing Assets/image/งานศิลปะที่ไม่มีชื่อ_295.asset using Guid(59e490828f9b04c7a8ca942c7a36b3dc) Importer(815301076,1909f56bfc062723c751e8b465ee728b)  -> (artifact id: '651b3bcdba6e5ec105876b754cabd27f') in 0.003877 seconds 
========================================================================
Received Import Request.
  Time since last request: 0.000046 seconds.
  path: Assets/image/งานศิลปะที่ไม่มีชื่อ_309.asset
  artifactKey: Guid(618e230fd9a254a57b10627cc9dcda4f) Importer(815301076,1909f56bfc062723c751e8b465ee728b)
Start importing Assets/image/งานศิลปะที่ไม่มีชื่อ_309.asset using Guid(618e230fd9a254a57b10627cc9dcda4f) Importer(815301076,1909f56bfc062723c751e8b465ee728b)  -> (artifact id: '17ae6d2f4fab73aa2664ba5d5673b794') in 0.003948 seconds 
========================================================================
Received Import Request.
  Time since last request: 0.000041 seconds.
  path: Assets/image/งานศิลปะที่ไม่มีชื่อ_471.asset
  artifactKey: Guid(8ad85b1631f6043e0ba87acb0d5844c9) Importer(815301076,1909f56bfc062723c751e8b465ee728b)
Start importing Assets/image/งานศิลปะที่ไม่มีชื่อ_471.asset using Guid(8ad85b1631f6043e0ba87acb0d5844c9) Importer(815301076,1909f56bfc062723c751e8b465ee728b)  -> (artifact id: 'de0d69fa17cd4064b4b98ec4d489ca7b') in 0.003657 seconds 
========================================================================
Received Import Request.
  Time since last request: 0.000052 seconds.
  path: Assets/image/งานศิลปะที่ไม่มีชื่อ_374.asset
  artifactKey: Guid(0666a73f642b04809bb995796e4ba9ee) Importer(815301076,1909f56bfc062723c751e8b465ee728b)
Start importing Assets/image/งานศิลปะที่ไม่มีชื่อ_374.asset using Guid(0666a73f642b04809bb995796e4ba9ee) Importer(815301076,1909f56bfc062723c751e8b465ee728b)  -> (artifact id: '048444786337204c76270668c35030ab') in 0.004173 seconds 
========================================================================
Received Import Request.
  Time since last request: 0.000050 seconds.
  path: Assets/image/งานศิลปะที่ไม่มีชื่อ_293.asset
  artifactKey: Guid(fc04d33a874dd4ad4b66f941fa0e26ee) Importer(815301076,1909f56bfc062723c751e8b465ee728b)
Start importing Assets/image/งานศิลปะที่ไม่มีชื่อ_293.asset using Guid(fc04d33a874dd4ad4b66f941fa0e26ee) Importer(815301076,1909f56bfc062723c751e8b465ee728b)  -> (artifact id: 'ab0c5fc59ac47558f4f2e14c7a922883') in 0.003409 seconds 
========================================================================
Received Import Request.
  Time since last request: 0.000042 seconds.
  path: Assets/image/งานศิลปะที่ไม่มีชื่อ_204.asset
  artifactKey: Guid(b31c1347fa41f410086cb7d18d00fa16) Importer(815301076,1909f56bfc062723c751e8b465ee728b)
Start importing Assets/image/งานศิลปะที่ไม่มีชื่อ_204.asset using Guid(b31c1347fa41f410086cb7d18d00fa16) Importer(815301076,1909f56bfc062723c751e8b465ee728b)  -> (artifact id: 'db230bbc0789393728ccdad176b606ba') in 0.003773 seconds 
========================================================================
Received Import Request.
  Time since last request: 0.000070 seconds.
  path: Assets/image/งานศิลปะที่ไม่มีชื่อ_110.asset
  artifactKey: Guid(b14d3bca460c6465a808b2a1c793d001) Importer(815301076,1909f56bfc062723c751e8b465ee728b)
Start importing Assets/image/งานศิลปะที่ไม่มีชื่อ_110.asset using Guid(b14d3bca460c6465a808b2a1c793d001) Importer(815301076,1909f56bfc062723c751e8b465ee728b)  -> (artifact id: 'a84c0695fdb06fe276705e2ae9a8e3ac') in 0.003872 seconds 
========================================================================
Received Import Request.
  Time since last request: 0.000051 seconds.
  path: Assets/image/งานศิลปะที่ไม่มีชื่อ_365.asset
  artifactKey: Guid(de633d186b72c481ba728038c72482d7) Importer(815301076,1909f56bfc062723c751e8b465ee728b)
Start importing Assets/image/งานศิลปะที่ไม่มีชื่อ_365.asset using Guid(de633d186b72c481ba728038c72482d7) Importer(815301076,1909f56bfc062723c751e8b465ee728b)  -> (artifact id: '80b362f54107b4c06ace54cd7fad8e5d') in 0.004094 seconds 
========================================================================
Received Import Request.
  Time since last request: 0.001904 seconds.
  path: Assets/image/งานศิลปะที่ไม่มีชื่อ_380.asset
  artifactKey: Guid(42003f3d05b4648a7a69c49eb40c6456) Importer(815301076,1909f56bfc062723c751e8b465ee728b)
Start importing Assets/image/งานศิลปะที่ไม่มีชื่อ_380.asset using Guid(42003f3d05b4648a7a69c49eb40c6456) Importer(815301076,1909f56bfc062723c751e8b465ee728b)  -> (artifact id: '8f81461ac218d29e19aeeb8fc5663207') in 0.003717 seconds 
========================================================================
Received Import Request.
  Time since last request: 0.000044 seconds.
  path: Assets/image/งานศิลปะที่ไม่มีชื่อ_297.asset
  artifactKey: Guid(1c85e45b952fb4e4eada0988738819a5) Importer(815301076,1909f56bfc062723c751e8b465ee728b)
Start importing Assets/image/งานศิลปะที่ไม่มีชื่อ_297.asset using Guid(1c85e45b952fb4e4eada0988738819a5) Importer(815301076,1909f56bfc062723c751e8b465ee728b)  -> (artifact id: '41131231e424bbb492e451a30e30c145') in 0.003753 seconds 
========================================================================
Received Import Request.
  Time since last request: 0.000054 seconds.
  path: Assets/image/งานศิลปะที่ไม่มีชื่อ_371.asset
  artifactKey: Guid(bafda769efc024bf1ad7ec7429bdfd9b) Importer(815301076,1909f56bfc062723c751e8b465ee728b)
Start importing Assets/image/งานศิลปะที่ไม่มีชื่อ_371.asset using Guid(bafda769efc024bf1ad7ec7429bdfd9b) Importer(815301076,1909f56bfc062723c751e8b465ee728b)  -> (artifact id: 'e696c8c87a48c25b494c052ab6ee7f00') in 0.005828 seconds 
========================================================================
Received Import Request.
  Time since last request: 0.000064 seconds.
  path: Assets/image/งานศิลปะที่ไม่มีชื่อ_466.asset
  artifactKey: Guid(1d3c40cb968db4ee993cdd0a294ee996) Importer(815301076,1909f56bfc062723c751e8b465ee728b)
Start importing Assets/image/งานศิลปะที่ไม่มีชื่อ_466.asset using Guid(1d3c40cb968db4ee993cdd0a294ee996) Importer(815301076,1909f56bfc062723c751e8b465ee728b)  -> (artifact id: '7130397899f5587d0b2c051bdbcc7d15') in 0.003966 seconds 
========================================================================
Received Import Request.
  Time since last request: 0.000044 seconds.
  path: Assets/image/งานศิลปะที่ไม่มีชื่อ_290.asset
  artifactKey: Guid(3cd26578a9a4744579f5d76adb591d92) Importer(815301076,1909f56bfc062723c751e8b465ee728b)
Start importing Assets/image/งานศิลปะที่ไม่มีชื่อ_290.asset using Guid(3cd26578a9a4744579f5d76adb591d92) Importer(815301076,1909f56bfc062723c751e8b465ee728b)  -> (artifact id: '3abf3372e7b5ef9b6dd1e5e4f31d9a6f') in 0.003921 seconds 
========================================================================
Received Import Request.
  Time since last request: 0.000042 seconds.
  path: Assets/image/งานศิลปะที่ไม่มีชื่อ_316.asset
  artifactKey: Guid(ba506937528f7420d9fc4d063628bc8e) Importer(815301076,1909f56bfc062723c751e8b465ee728b)
Start importing Assets/image/งานศิลปะที่ไม่มีชื่อ_316.asset using Guid(ba506937528f7420d9fc4d063628bc8e) Importer(815301076,1909f56bfc062723c751e8b465ee728b)  -> (artifact id: '42abd2d1079bc1b6f041c80da0f1a77f') in 0.004390 seconds 
========================================================================
Received Import Request.
  Time since last request: 0.000075 seconds.
  path: Assets/image/งานศิลปะที่ไม่มีชื่อ_200.asset
  artifactKey: Guid(a7bcbfdb3a20045c39972694dc78a519) Importer(815301076,1909f56bfc062723c751e8b465ee728b)
Start importing Assets/image/งานศิลปะที่ไม่มีชื่อ_200.asset using Guid(a7bcbfdb3a20045c39972694dc78a519) Importer(815301076,1909f56bfc062723c751e8b465ee728b)  -> (artifact id: '3d7a6ed1740601b5a5978874f2f0ab86') in 0.004088 seconds 
========================================================================
Received Import Request.
  Time since last request: 0.000046 seconds.
  path: Assets/image/งานศิลปะที่ไม่มีชื่อ_435.asset
  artifactKey: Guid(a00b44583084e43d1865c6cbb2f8489e) Importer(815301076,1909f56bfc062723c751e8b465ee728b)
Start importing Assets/image/งานศิลปะที่ไม่มีชื่อ_435.asset using Guid(a00b44583084e43d1865c6cbb2f8489e) Importer(815301076,1909f56bfc062723c751e8b465ee728b)  -> (artifact id: 'b91183b53263a7ea9a7437ee0ed14e40') in 0.003641 seconds 
========================================================================
Received Import Request.
  Time since last request: 4.301302 seconds.
  path: Assets/image/MAP1.prefab
  artifactKey: Guid(0185988a390d7489eac78fb0b79267d6) Importer(815301076,1909f56bfc062723c751e8b465ee728b)
Start importing Assets/image/MAP1.prefab using Guid(0185988a390d7489eac78fb0b79267d6) Importer(815301076,1909f56bfc062723c751e8b465ee728b)  -> (artifact id: '6713d0c0df42ee6ee7e16460dcf61699') in 0.026425 seconds 
========================================================================
Received Import Request.
  Time since last request: 9.371345 seconds.
  path: Assets/image/MAP1.prefab
  artifactKey: Guid(0185988a390d7489eac78fb0b79267d6) Importer(815301076,1909f56bfc062723c751e8b465ee728b)
Start importing Assets/image/MAP1.prefab using Guid(0185988a390d7489eac78fb0b79267d6) Importer(815301076,1909f56bfc062723c751e8b465ee728b)  -> (artifact id: 'a70882a52a9b6146bb2ced2b7a0bd95f') in 0.032528 seconds 
========================================================================
Received Import Request.
  Time since last request: 25.292991 seconds.
  path: Assets/Prefabs/AI.prefab
  artifactKey: Guid(df25caaf2990e4221aec054225936047) Importer(815301076,1909f56bfc062723c751e8b465ee728b)
Start importing Assets/Prefabs/AI.prefab using Guid(df25caaf2990e4221aec054225936047) Importer(815301076,1909f56bfc062723c751e8b465ee728b)  -> (artifact id: '6a940852dcdd101a1ed408aa9f7c04b2') in 0.054791 seconds 
